<?xml version="1.0" encoding="utf-8"?>
<coverage line-rate="0.9590000000000001" branch-rate="0.9444" version="1.9" timestamp="1625688687" lines-covered="234" lines-valid="244" branches-covered="51" branches-valid="54">
  <sources>
    <source>/home/elia/Documents/becode/discounts/</source>
  </sources>
  <packages>
    <package name="DiscountCalculator" line-rate="0.9791" branch-rate="0.9687" complexity="37">
      <classes>
        <class name="Discount.Calculators.DiscountCalculator" filename="DiscountCalculator/DiscountCalculator.cs" line-rate="0.9791" branch-rate="0.9687" complexity="37">
          <methods>
            <method name="get_discountLog" signature="()" line-rate="1" branch-rate="1" complexity="1">
              <lines>
                <line number="25" hits="19" branch="False" />
              </lines>
            </method>
            <method name="CalculateTotalDiscount" signature="()" line-rate="1" branch-rate="1" complexity="6">
              <lines>
                <line number="34" hits="5" branch="False" />
                <line number="35" hits="5" branch="True" condition-coverage="100% (2/2)">
                  <conditions>
                    <condition number="9" type="jump" coverage="100%" />
                  </conditions>
                </line>
                <line number="36" hits="1" branch="False" />
                <line number="37" hits="1" branch="False" />
                <line number="38" hits="1" branch="False" />
                <line number="40" hits="5" branch="False" />
                <line number="42" hits="5" branch="True" condition-coverage="100% (2/2)">
                  <conditions>
                    <condition number="35" type="jump" coverage="100%" />
                  </conditions>
                </line>
                <line number="43" hits="1" branch="False" />
                <line number="44" hits="1" branch="False" />
                <line number="45" hits="1" branch="False" />
                <line number="47" hits="5" branch="True" condition-coverage="100% (2/2)">
                  <conditions>
                    <condition number="54" type="jump" coverage="100%" />
                  </conditions>
                </line>
                <line number="48" hits="1" branch="False" />
                <line number="49" hits="1" branch="False" />
                <line number="50" hits="1" branch="False" />
                <line number="52" hits="5" branch="False" />
                <line number="53" hits="5" branch="False" />
              </lines>
            </method>
            <method name="clientGetsWholeOrderDiscount" signature="()" line-rate="1" branch-rate="1" complexity="2">
              <lines>
                <line number="56" hits="8" branch="False" />
                <line number="58" hits="8" branch="True" condition-coverage="100% (2/2)">
                  <conditions>
                    <condition number="44" type="jump" coverage="100%" />
                  </conditions>
                </line>
                <line number="59" hits="6" branch="False" />
                <line number="60" hits="6" branch="False" />
                <line number="63" hits="2" branch="False" />
                <line number="64" hits="8" branch="False" />
              </lines>
            </method>
            <method name="applyGlobalDiscount" signature="()" line-rate="1" branch-rate="1" complexity="1">
              <lines>
                <line number="67" hits="4" branch="False" />
                <line number="69" hits="4" branch="False" />
                <line number="72" hits="4" branch="False" />
                <line number="75" hits="4" branch="False" />
              </lines>
            </method>
            <method name="freeSwitches" signature="()" line-rate="1" branch-rate="1" complexity="10">
              <lines>
                <line number="78" hits="7" branch="False" />
                <line number="79" hits="7" branch="False" />
                <line number="81" hits="7" branch="False" />
                <line number="83" hits="7" branch="False" />
                <line number="85" hits="37" branch="True" condition-coverage="100% (2/2)">
                  <conditions>
                    <condition number="161" type="jump" coverage="100%" />
                  </conditions>
                </line>
                <line number="86" hits="8" branch="False" />
                <line number="88" hits="8" branch="True" condition-coverage="100% (2/2)">
                  <conditions>
                    <condition number="65" type="jump" coverage="100%" />
                  </conditions>
                </line>
                <line number="89" hits="6" branch="False" />
                <line number="91" hits="144" branch="True" condition-coverage="100% (2/2)">
                  <conditions>
                    <condition number="150" type="jump" coverage="100%" />
                  </conditions>
                </line>
                <line number="92" hits="66" branch="False" />
                <line number="93" hits="66" branch="True" condition-coverage="100% (4/4)">
                  <conditions>
                    <condition number="78" type="jump" coverage="100%" />
                    <condition number="92" type="jump" coverage="100%" />
                  </conditions>
                </line>
                <line number="94" hits="10" branch="False" />
                <line number="95" hits="10" branch="False" />
                <line number="96" hits="10" branch="False" />
                <line number="97" hits="10" branch="False" />
                <line number="98" hits="10" branch="False" />
                <line number="99" hits="66" branch="False" />
                <line number="101" hits="6" branch="False" />
                <line number="103" hits="8" branch="False" />
                <line number="107" hits="7" branch="False" />
              </lines>
            </method>
            <method name="cangetDiscountForTools" signature="()" line-rate="1" branch-rate="1" complexity="6">
              <lines>
                <line number="112" hits="14" branch="False" />
                <line number="113" hits="14" branch="False" />
                <line number="115" hits="76" branch="True" condition-coverage="100% (2/2)">
                  <conditions>
                    <condition number="70" type="jump" coverage="100%" />
                  </conditions>
                </line>
                <line number="116" hits="17" branch="False" />
                <line number="118" hits="17" branch="True" condition-coverage="100% (2/2)">
                  <conditions>
                    <condition number="48" type="jump" coverage="100%" />
                  </conditions>
                </line>
                <line number="119" hits="7" branch="False" />
                <line number="120" hits="14" branch="False" />
                <line number="121" hits="7" branch="False" />
                <line number="123" hits="17" branch="False" />
                <line number="125" hits="14" branch="True" condition-coverage="100% (2/2)">
                  <conditions>
                    <condition number="97" type="jump" coverage="100%" />
                  </conditions>
                </line>
                <line number="126" hits="10" branch="False" />
                <line number="127" hits="10" branch="False" />
                <line number="131" hits="4" branch="False" />
                <line number="134" hits="14" branch="False" />
              </lines>
            </method>
            <method name="compareIemsByUnitPrice" signature="(Domain.Orders.Item,Domain.Orders.Item)" line-rate="1" branch-rate="1" complexity="1">
              <lines>
                <line number="137" hits="9" branch="False" />
                <line number="139" hits="9" branch="False" />
                <line number="143" hits="9" branch="False" />
              </lines>
            </method>
            <method name="cheapestToolItemIndex" signature="()" line-rate="0.9047" branch-rate="0.875" complexity="8">
              <lines>
                <line number="146" hits="12" branch="False" />
                <line number="148" hits="12" branch="False" />
                <line number="150" hits="78" branch="True" condition-coverage="100% (2/2)">
                  <conditions>
                    <condition number="77" type="jump" coverage="100%" />
                  </conditions>
                </line>
                <line number="151" hits="21" branch="False" />
                <line number="153" hits="21" branch="True" condition-coverage="100% (2/2)">
                  <conditions>
                    <condition number="56" type="jump" coverage="100%" />
                  </conditions>
                </line>
                <line number="154" hits="21" branch="False" />
                <line number="155" hits="21" branch="False" />
                <line number="156" hits="21" branch="False" />
                <line number="158" hits="21" branch="False" />
                <line number="159" hits="12" branch="False" />
                <line number="161" hits="12" branch="False" />
                <line number="163" hits="12" branch="False" />
                <line number="165" hits="48" branch="True" condition-coverage="100% (2/2)">
                  <conditions>
                    <condition number="192" type="jump" coverage="100%" />
                  </conditions>
                </line>
                <line number="166" hits="12" branch="False" />
                <line number="168" hits="12" branch="True" condition-coverage="50% (1/2)">
                  <conditions>
                    <condition number="175" type="jump" coverage="50%" />
                  </conditions>
                </line>
                <line number="169" hits="12" branch="False" />
                <line number="170" hits="12" branch="False" />
                <line number="173" hits="0" branch="False" />
                <line number="174" hits="0" branch="False" />
                <line number="176" hits="12" branch="False" />
                <line number="178" hits="12" branch="False" />
              </lines>
            </method>
            <method name="calculateToolPercent" signature="()" line-rate="1" branch-rate="1" complexity="1">
              <lines>
                <line number="181" hits="4" branch="False" />
                <line number="183" hits="4" branch="False" />
                <line number="185" hits="4" branch="False" />
                <line number="189" hits="4" branch="False" />
                <line number="191" hits="4" branch="False" />
                <line number="199" hits="4" branch="False" />
              </lines>
            </method>
            <method name=".ctor" signature="(Domain.Orders.Order)" line-rate="1" branch-rate="1" complexity="1">
              <lines>
                <line number="26" hits="19" branch="False" />
                <line number="27" hits="19" branch="False" />
                <line number="28" hits="19" branch="False" />
                <line number="29" hits="19" branch="False" />
                <line number="30" hits="19" branch="False" />
              </lines>
            </method>
          </methods>
          <lines>
            <line number="25" hits="19" branch="False" />
            <line number="34" hits="5" branch="False" />
            <line number="35" hits="5" branch="True" condition-coverage="100% (2/2)">
              <conditions>
                <condition number="9" type="jump" coverage="100%" />
              </conditions>
            </line>
            <line number="36" hits="1" branch="False" />
            <line number="37" hits="1" branch="False" />
            <line number="38" hits="1" branch="False" />
            <line number="40" hits="5" branch="False" />
            <line number="42" hits="5" branch="True" condition-coverage="100% (2/2)">
              <conditions>
                <condition number="35" type="jump" coverage="100%" />
              </conditions>
            </line>
            <line number="43" hits="1" branch="False" />
            <line number="44" hits="1" branch="False" />
            <line number="45" hits="1" branch="False" />
            <line number="47" hits="5" branch="True" condition-coverage="100% (2/2)">
              <conditions>
                <condition number="54" type="jump" coverage="100%" />
              </conditions>
            </line>
            <line number="48" hits="1" branch="False" />
            <line number="49" hits="1" branch="False" />
            <line number="50" hits="1" branch="False" />
            <line number="52" hits="5" branch="False" />
            <line number="53" hits="5" branch="False" />
            <line number="56" hits="8" branch="False" />
            <line number="58" hits="8" branch="True" condition-coverage="100% (2/2)">
              <conditions>
                <condition number="44" type="jump" coverage="100%" />
              </conditions>
            </line>
            <line number="59" hits="6" branch="False" />
            <line number="60" hits="6" branch="False" />
            <line number="63" hits="2" branch="False" />
            <line number="64" hits="8" branch="False" />
            <line number="67" hits="4" branch="False" />
            <line number="69" hits="4" branch="False" />
            <line number="72" hits="4" branch="False" />
            <line number="75" hits="4" branch="False" />
            <line number="78" hits="7" branch="False" />
            <line number="79" hits="7" branch="False" />
            <line number="81" hits="7" branch="False" />
            <line number="83" hits="7" branch="False" />
            <line number="85" hits="37" branch="True" condition-coverage="100% (2/2)">
              <conditions>
                <condition number="161" type="jump" coverage="100%" />
              </conditions>
            </line>
            <line number="86" hits="8" branch="False" />
            <line number="88" hits="8" branch="True" condition-coverage="100% (2/2)">
              <conditions>
                <condition number="65" type="jump" coverage="100%" />
              </conditions>
            </line>
            <line number="89" hits="6" branch="False" />
            <line number="91" hits="144" branch="True" condition-coverage="100% (2/2)">
              <conditions>
                <condition number="150" type="jump" coverage="100%" />
              </conditions>
            </line>
            <line number="92" hits="66" branch="False" />
            <line number="93" hits="66" branch="True" condition-coverage="100% (4/4)">
              <conditions>
                <condition number="78" type="jump" coverage="100%" />
                <condition number="92" type="jump" coverage="100%" />
              </conditions>
            </line>
            <line number="94" hits="10" branch="False" />
            <line number="95" hits="10" branch="False" />
            <line number="96" hits="10" branch="False" />
            <line number="97" hits="10" branch="False" />
            <line number="98" hits="10" branch="False" />
            <line number="99" hits="66" branch="False" />
            <line number="101" hits="6" branch="False" />
            <line number="103" hits="8" branch="False" />
            <line number="107" hits="7" branch="False" />
            <line number="112" hits="14" branch="False" />
            <line number="113" hits="14" branch="False" />
            <line number="115" hits="76" branch="True" condition-coverage="100% (2/2)">
              <conditions>
                <condition number="70" type="jump" coverage="100%" />
              </conditions>
            </line>
            <line number="116" hits="17" branch="False" />
            <line number="118" hits="17" branch="True" condition-coverage="100% (2/2)">
              <conditions>
                <condition number="48" type="jump" coverage="100%" />
              </conditions>
            </line>
            <line number="119" hits="7" branch="False" />
            <line number="120" hits="14" branch="False" />
            <line number="121" hits="7" branch="False" />
            <line number="123" hits="17" branch="False" />
            <line number="125" hits="14" branch="True" condition-coverage="100% (2/2)">
              <conditions>
                <condition number="97" type="jump" coverage="100%" />
              </conditions>
            </line>
            <line number="126" hits="10" branch="False" />
            <line number="127" hits="10" branch="False" />
            <line number="131" hits="4" branch="False" />
            <line number="134" hits="14" branch="False" />
            <line number="137" hits="9" branch="False" />
            <line number="139" hits="9" branch="False" />
            <line number="143" hits="9" branch="False" />
            <line number="146" hits="12" branch="False" />
            <line number="148" hits="12" branch="False" />
            <line number="150" hits="78" branch="True" condition-coverage="100% (2/2)">
              <conditions>
                <condition number="77" type="jump" coverage="100%" />
              </conditions>
            </line>
            <line number="151" hits="21" branch="False" />
            <line number="153" hits="21" branch="True" condition-coverage="100% (2/2)">
              <conditions>
                <condition number="56" type="jump" coverage="100%" />
              </conditions>
            </line>
            <line number="154" hits="21" branch="False" />
            <line number="155" hits="21" branch="False" />
            <line number="156" hits="21" branch="False" />
            <line number="158" hits="21" branch="False" />
            <line number="159" hits="12" branch="False" />
            <line number="161" hits="12" branch="False" />
            <line number="163" hits="12" branch="False" />
            <line number="165" hits="48" branch="True" condition-coverage="100% (2/2)">
              <conditions>
                <condition number="192" type="jump" coverage="100%" />
              </conditions>
            </line>
            <line number="166" hits="12" branch="False" />
            <line number="168" hits="12" branch="True" condition-coverage="50% (1/2)">
              <conditions>
                <condition number="175" type="jump" coverage="50%" />
              </conditions>
            </line>
            <line number="169" hits="12" branch="False" />
            <line number="170" hits="12" branch="False" />
            <line number="173" hits="0" branch="False" />
            <line number="174" hits="0" branch="False" />
            <line number="176" hits="12" branch="False" />
            <line number="178" hits="12" branch="False" />
            <line number="181" hits="4" branch="False" />
            <line number="183" hits="4" branch="False" />
            <line number="185" hits="4" branch="False" />
            <line number="189" hits="4" branch="False" />
            <line number="191" hits="4" branch="False" />
            <line number="199" hits="4" branch="False" />
            <line number="26" hits="19" branch="False" />
            <line number="27" hits="19" branch="False" />
            <line number="28" hits="19" branch="False" />
            <line number="29" hits="19" branch="False" />
            <line number="30" hits="19" branch="False" />
          </lines>
        </class>
      </classes>
    </package>
    <package name="Domain" line-rate="0.9309999999999999" branch-rate="1" complexity="42">
      <classes>
        <class name="Domain.ProductsDto.ProductDto" filename="Domain/ProductsDto/ProductDto.cs" line-rate="1" branch-rate="1" complexity="4">
          <methods>
            <method name="get_id" signature="()" line-rate="1" branch-rate="1" complexity="1">
              <lines>
                <line number="5" hits="392" branch="False" />
              </lines>
            </method>
            <method name="get_description" signature="()" line-rate="1" branch-rate="1" complexity="1">
              <lines>
                <line number="6" hits="392" branch="False" />
              </lines>
            </method>
            <method name="get_category" signature="()" line-rate="1" branch-rate="1" complexity="1">
              <lines>
                <line number="7" hits="392" branch="False" />
              </lines>
            </method>
            <method name="get_price" signature="()" line-rate="1" branch-rate="1" complexity="1">
              <lines>
                <line number="8" hits="392" branch="False" />
              </lines>
            </method>
          </methods>
          <lines>
            <line number="5" hits="392" branch="False" />
            <line number="6" hits="392" branch="False" />
            <line number="7" hits="392" branch="False" />
            <line number="8" hits="392" branch="False" />
          </lines>
        </class>
        <class name="Domain.Products.Product" filename="Domain/Products/Product.cs" line-rate="1" branch-rate="1" complexity="6">
          <methods>
            <method name="get_id" signature="()" line-rate="1" branch-rate="1" complexity="1">
              <lines>
                <line number="10" hits="456" branch="False" />
              </lines>
            </method>
            <method name="get_description" signature="()" line-rate="1" branch-rate="1" complexity="1">
              <lines>
                <line number="11" hits="206" branch="False" />
              </lines>
            </method>
            <method name="get_category" signature="()" line-rate="1" branch-rate="1" complexity="1">
              <lines>
                <line number="12" hits="252" branch="False" />
              </lines>
            </method>
            <method name="get_price" signature="()" line-rate="1" branch-rate="1" complexity="1">
              <lines>
                <line number="13" hits="206" branch="False" />
              </lines>
            </method>
            <method name=".ctor" signature="(Domain.ProductsDto.ProductDto)" line-rate="1" branch-rate="1" complexity="1">
              <lines>
                <line number="17" hits="195" branch="False" />
                <line number="18" hits="195" branch="False" />
                <line number="19" hits="195" branch="False" />
                <line number="20" hits="195" branch="False" />
                <line number="21" hits="195" branch="False" />
                <line number="22" hits="195" branch="False" />
                <line number="23" hits="195" branch="False" />
              </lines>
            </method>
            <method name=".ctor" signature="()" line-rate="1" branch-rate="1" complexity="1">
              <lines>
                <line number="25" hits="8" branch="False" />
                <line number="26" hits="8" branch="False" />
                <line number="27" hits="8" branch="False" />
              </lines>
            </method>
          </methods>
          <lines>
            <line number="10" hits="456" branch="False" />
            <line number="11" hits="206" branch="False" />
            <line number="12" hits="252" branch="False" />
            <line number="13" hits="206" branch="False" />
            <line number="17" hits="195" branch="False" />
            <line number="18" hits="195" branch="False" />
            <line number="19" hits="195" branch="False" />
            <line number="20" hits="195" branch="False" />
            <line number="21" hits="195" branch="False" />
            <line number="22" hits="195" branch="False" />
            <line number="23" hits="195" branch="False" />
            <line number="25" hits="8" branch="False" />
            <line number="26" hits="8" branch="False" />
            <line number="27" hits="8" branch="False" />
          </lines>
        </class>
        <class name="Domain.OrdersDto.OrderDto" filename="Domain/OrdersDto/OrderDto.cs" line-rate="1" branch-rate="1" complexity="4">
          <methods>
            <method name="get_id" signature="()" line-rate="1" branch-rate="1" complexity="1">
              <lines>
                <line number="9" hits="87" branch="False" />
              </lines>
            </method>
            <method name="get_customerId" signature="()" line-rate="1" branch-rate="1" complexity="1">
              <lines>
                <line number="12" hits="208" branch="False" />
              </lines>
            </method>
            <method name="get_items" signature="()" line-rate="1" branch-rate="1" complexity="1">
              <lines>
                <line number="13" hits="127" branch="False" />
              </lines>
            </method>
            <method name="get_total" signature="()" line-rate="1" branch-rate="1" complexity="1">
              <lines>
                <line number="14" hits="85" branch="False" />
              </lines>
            </method>
          </methods>
          <lines>
            <line number="9" hits="87" branch="False" />
            <line number="12" hits="208" branch="False" />
            <line number="13" hits="127" branch="False" />
            <line number="14" hits="85" branch="False" />
          </lines>
        </class>
        <class name="Domain.OrdersDto.ItemDto" filename="Domain/OrdersDto/OrderLineDto.cs" line-rate="1" branch-rate="1" complexity="4">
          <methods>
            <method name="get_productId" signature="()" line-rate="1" branch-rate="1" complexity="1">
              <lines>
                <line number="8" hits="304" branch="False" />
              </lines>
            </method>
            <method name="get_quantity" signature="()" line-rate="1" branch-rate="1" complexity="1">
              <lines>
                <line number="9" hits="108" branch="False" />
              </lines>
            </method>
            <method name="get_unitPrice" signature="()" line-rate="1" branch-rate="1" complexity="1">
              <lines>
                <line number="12" hits="108" branch="False" />
              </lines>
            </method>
            <method name="get_total" signature="()" line-rate="1" branch-rate="1" complexity="1">
              <lines>
                <line number="13" hits="108" branch="False" />
              </lines>
            </method>
          </methods>
          <lines>
            <line number="8" hits="304" branch="False" />
            <line number="9" hits="108" branch="False" />
            <line number="12" hits="108" branch="False" />
            <line number="13" hits="108" branch="False" />
          </lines>
        </class>
        <class name="Domain.Orders.Order" filename="Domain/Orders/Order.cs" line-rate="1" branch-rate="1" complexity="4">
          <methods>
            <method name="get_id" signature="()" line-rate="1" branch-rate="1" complexity="1">
              <lines>
                <line number="13" hits="64" branch="False" />
              </lines>
            </method>
            <method name="get_client" signature="()" line-rate="1" branch-rate="1" complexity="1">
              <lines>
                <line number="14" hits="74" branch="False" />
              </lines>
            </method>
            <method name="get_items" signature="()" line-rate="1" branch-rate="1" complexity="1">
              <lines>
                <line number="15" hits="127" branch="False" />
              </lines>
            </method>
            <method name="get_total" signature="()" line-rate="1" branch-rate="1" complexity="1">
              <lines>
                <line number="16" hits="108" branch="False" />
              </lines>
            </method>
          </methods>
          <lines>
            <line number="13" hits="64" branch="False" />
            <line number="14" hits="74" branch="False" />
            <line number="15" hits="127" branch="False" />
            <line number="16" hits="108" branch="False" />
          </lines>
        </class>
        <class name="Domain.Orders.Item" filename="Domain/Orders/OrderLine.cs" line-rate="1" branch-rate="1" complexity="5">
          <methods>
            <method name="get_product" signature="()" line-rate="1" branch-rate="1" complexity="1">
              <lines>
                <line number="12" hits="127" branch="False" />
              </lines>
            </method>
            <method name="get_quantity" signature="()" line-rate="1" branch-rate="1" complexity="1">
              <lines>
                <line number="13" hits="160" branch="False" />
              </lines>
            </method>
            <method name="get_unitPrice" signature="()" line-rate="1" branch-rate="1" complexity="1">
              <lines>
                <line number="15" hits="79" branch="False" />
              </lines>
            </method>
            <method name="get_total" signature="()" line-rate="1" branch-rate="1" complexity="1">
              <lines>
                <line number="16" hits="65" branch="False" />
              </lines>
            </method>
            <method name=".ctor" signature="()" line-rate="1" branch-rate="1" complexity="1">
              <lines>
                <line number="19" hits="54" branch="False" />
                <line number="20" hits="54" branch="False" />
                <line number="22" hits="54" branch="False" />
              </lines>
            </method>
          </methods>
          <lines>
            <line number="12" hits="127" branch="False" />
            <line number="13" hits="160" branch="False" />
            <line number="15" hits="79" branch="False" />
            <line number="16" hits="65" branch="False" />
            <line number="19" hits="54" branch="False" />
            <line number="20" hits="54" branch="False" />
            <line number="22" hits="54" branch="False" />
          </lines>
        </class>
        <class name="Domain.Discounts.DiscountLog" filename="Domain/Discounts/DiscountLog.cs" line-rate="0.5" branch-rate="1" complexity="2">
          <methods>
            <method name="get_order" signature="()" line-rate="1" branch-rate="1" complexity="1">
              <lines>
                <line number="8" hits="19" branch="False" />
              </lines>
            </method>
            <method name="get_DiscountLogItems" signature="()" line-rate="0" branch-rate="1" complexity="1">
              <lines>
                <line number="10" hits="0" branch="False" />
              </lines>
            </method>
          </methods>
          <lines>
            <line number="8" hits="19" branch="False" />
            <line number="10" hits="0" branch="False" />
          </lines>
        </class>
        <class name="Domain.Discounts.DiscountLogItem" filename="Domain/Discounts/DiscountLogItem.cs" line-rate="0" branch-rate="1" complexity="3">
          <methods>
            <method name="get_discountId" signature="()" line-rate="0" branch-rate="1" complexity="1">
              <lines>
                <line number="7" hits="0" branch="False" />
              </lines>
            </method>
            <method name="get_item" signature="()" line-rate="0" branch-rate="1" complexity="1">
              <lines>
                <line number="9" hits="0" branch="False" />
              </lines>
            </method>
            <method name="get_calculationLogMessage" signature="()" line-rate="0" branch-rate="1" complexity="1">
              <lines>
                <line number="11" hits="0" branch="False" />
              </lines>
            </method>
          </methods>
          <lines>
            <line number="7" hits="0" branch="False" />
            <line number="9" hits="0" branch="False" />
            <line number="11" hits="0" branch="False" />
          </lines>
        </class>
        <class name="Domain.ClientsDto.ClientDto" filename="Domain/ClientsDto/ClientDto.cs" line-rate="1" branch-rate="1" complexity="4">
          <methods>
            <method name="get_id" signature="()" line-rate="1" branch-rate="1" complexity="1">
              <lines>
                <line number="10" hits="238" branch="False" />
              </lines>
            </method>
            <method name="get_name" signature="()" line-rate="1" branch-rate="1" complexity="1">
              <lines>
                <line number="11" hits="238" branch="False" />
              </lines>
            </method>
            <method name="get_since" signature="()" line-rate="1" branch-rate="1" complexity="1">
              <lines>
                <line number="12" hits="238" branch="False" />
              </lines>
            </method>
            <method name="get_revenue" signature="()" line-rate="1" branch-rate="1" complexity="1">
              <lines>
                <line number="13" hits="238" branch="False" />
              </lines>
            </method>
          </methods>
          <lines>
            <line number="10" hits="238" branch="False" />
            <line number="11" hits="238" branch="False" />
            <line number="12" hits="238" branch="False" />
            <line number="13" hits="238" branch="False" />
          </lines>
        </class>
        <class name="Domain.Clients.Client" filename="Domain/Clients/Client.cs" line-rate="1" branch-rate="1" complexity="6">
          <methods>
            <method name="get_id" signature="()" line-rate="1" branch-rate="1" complexity="1">
              <lines>
                <line number="9" hits="312" branch="False" />
              </lines>
            </method>
            <method name="get_name" signature="()" line-rate="1" branch-rate="1" complexity="1">
              <lines>
                <line number="10" hits="147" branch="False" />
              </lines>
            </method>
            <method name="get_since" signature="()" line-rate="1" branch-rate="1" complexity="1">
              <lines>
                <line number="11" hits="147" branch="False" />
              </lines>
            </method>
            <method name="get_revenue" signature="()" line-rate="1" branch-rate="1" complexity="1">
              <lines>
                <line number="12" hits="155" branch="False" />
              </lines>
            </method>
            <method name=".ctor" signature="(Domain.ClientsDto.ClientDto)" line-rate="1" branch-rate="1" complexity="1">
              <lines>
                <line number="15" hits="118" branch="False" />
                <line number="16" hits="118" branch="False" />
                <line number="17" hits="118" branch="False" />
                <line number="18" hits="118" branch="False" />
                <line number="19" hits="118" branch="False" />
                <line number="20" hits="118" branch="False" />
                <line number="21" hits="118" branch="False" />
              </lines>
            </method>
            <method name=".ctor" signature="()" line-rate="1" branch-rate="1" complexity="1">
              <lines>
                <line number="23" hits="21" branch="False" />
              </lines>
            </method>
          </methods>
          <lines>
            <line number="9" hits="312" branch="False" />
            <line number="10" hits="147" branch="False" />
            <line number="11" hits="147" branch="False" />
            <line number="12" hits="155" branch="False" />
            <line number="15" hits="118" branch="False" />
            <line number="16" hits="118" branch="False" />
            <line number="17" hits="118" branch="False" />
            <line number="18" hits="118" branch="False" />
            <line number="19" hits="118" branch="False" />
            <line number="20" hits="118" branch="False" />
            <line number="21" hits="118" branch="False" />
            <line number="23" hits="21" branch="False" />
          </lines>
        </class>
      </classes>
    </package>
    <package name="DAL" line-rate="0.9555" branch-rate="0.909" complexity="25">
      <classes>
        <class name="DAL.ConvertOrderDiscountToJson" filename="DAL/ConvertOrderDiscountToJson.cs" line-rate="1" branch-rate="1" complexity="1">
          <methods>
            <method name="CreateJsonFromOrder" signature="(Domain.Orders.Order,DAL.DataMapper)" line-rate="1" branch-rate="1" complexity="1">
              <lines>
                <line number="12" hits="1" branch="False" />
                <line number="14" hits="1" branch="False" />
                <line number="18" hits="1" branch="False" />
                <line number="19" hits="1" branch="False" />
                <line number="21" hits="1" branch="False" />
                <line number="22" hits="1" branch="False" />
                <line number="23" hits="1" branch="False" />
                <line number="24" hits="1" branch="False" />
                <line number="25" hits="1" branch="False" />
                <line number="26" hits="1" branch="False" />
              </lines>
            </method>
          </methods>
          <lines>
            <line number="12" hits="1" branch="False" />
            <line number="14" hits="1" branch="False" />
            <line number="18" hits="1" branch="False" />
            <line number="19" hits="1" branch="False" />
            <line number="21" hits="1" branch="False" />
            <line number="22" hits="1" branch="False" />
            <line number="23" hits="1" branch="False" />
            <line number="24" hits="1" branch="False" />
            <line number="25" hits="1" branch="False" />
            <line number="26" hits="1" branch="False" />
          </lines>
        </class>
        <class name="DAL.DataMapper" filename="DAL/DataMapper.cs" line-rate="0.9166" branch-rate="0.8887999999999999" complexity="19">
          <methods>
            <method name="convertOrderDtoToOrder" signature="(Domain.OrdersDto.OrderDto,System.Collections.Generic.List`1&lt;Domain.Clients.Client&gt;,System.Collections.Generic.List`1&lt;Domain.Products.Product&gt;)" line-rate="0.8823000000000001" branch-rate="0.875" complexity="8">
              <lines>
                <line number="16" hits="43" branch="False" />
                <line number="17" hits="43" branch="False" />
                <line number="19" hits="367" branch="True" condition-coverage="100% (2/2)">
                  <conditions>
                    <condition number="52" type="jump" coverage="100%" />
                  </conditions>
                </line>
                <line number="20" hits="119" branch="False" />
                <line number="22" hits="119" branch="True" condition-coverage="100% (2/2)">
                  <conditions>
                    <condition number="38" type="jump" coverage="100%" />
                  </conditions>
                </line>
                <line number="23" hits="42" branch="False" />
                <line number="24" hits="42" branch="False" />
                <line number="26" hits="42" branch="False" />
                <line number="28" hits="119" branch="False" />
                <line number="30" hits="43" branch="True" condition-coverage="100% (2/2)">
                  <conditions>
                    <condition number="79" type="jump" coverage="100%" />
                  </conditions>
                </line>
                <line number="31" hits="1" branch="False" />
                <line number="32" hits="1" branch="False" />
                <line number="35" hits="42" branch="True" condition-coverage="50% (1/2)">
                  <conditions>
                    <condition number="114" type="jump" coverage="50%" />
                  </conditions>
                </line>
                <line number="36" hits="0" branch="False" />
                <line number="37" hits="0" branch="False" />
                <line number="40" hits="42" branch="False" />
                <line number="42" hits="42" branch="False" />
              </lines>
            </method>
            <method name="convertItemDtosToItems" signature="(Domain.OrdersDto.OrderDto,System.Collections.Generic.List`1&lt;Domain.Products.Product&gt;)" line-rate="0.8946999999999999" branch-rate="0.875" complexity="8">
              <lines>
                <line number="45" hits="42" branch="False" />
                <line number="46" hits="42" branch="False" />
                <line number="48" hits="230" branch="True" condition-coverage="100% (2/2)">
                  <conditions>
                    <condition number="195" type="jump" coverage="100%" />
                  </conditions>
                </line>
                <line number="49" hits="52" branch="False" />
                <line number="51" hits="650" branch="True" condition-coverage="100% (2/2)">
                  <conditions>
                    <condition number="168" type="jump" coverage="100%" />
                  </conditions>
                </line>
                <line number="52" hits="247" branch="False" />
                <line number="53" hits="247" branch="True" condition-coverage="100% (2/2)">
                  <conditions>
                    <condition number="76" type="jump" coverage="100%" />
                  </conditions>
                </line>
                <line number="54" hits="52" branch="False" />
                <line number="55" hits="52" branch="False" />
                <line number="56" hits="52" branch="False" />
                <line number="57" hits="52" branch="False" />
                <line number="58" hits="52" branch="False" />
                <line number="62" hits="247" branch="False" />
                <line number="64" hits="52" branch="False" />
                <line number="66" hits="42" branch="True" condition-coverage="50% (1/2)">
                  <conditions>
                    <condition number="230" type="jump" coverage="50%" />
                  </conditions>
                </line>
                <line number="67" hits="0" branch="False" />
                <line number="68" hits="0" branch="False" />
                <line number="71" hits="42" branch="False" />
                <line number="72" hits="42" branch="False" />
              </lines>
            </method>
            <method name="convertOrderToOrderDto" signature="(Domain.Orders.Order)" line-rate="1" branch-rate="1" complexity="1">
              <lines>
                <line number="77" hits="2" branch="False" />
                <line number="79" hits="2" branch="False" />
                <line number="81" hits="2" branch="False" />
                <line number="83" hits="2" branch="False" />
              </lines>
            </method>
            <method name="convertItemsToItemsDtos" signature="(Domain.Orders.Order)" line-rate="1" branch-rate="1" complexity="2">
              <lines>
                <line number="87" hits="2" branch="False" />
                <line number="89" hits="2" branch="False" />
                <line number="92" hits="10" branch="True" condition-coverage="100% (2/2)">
                  <conditions>
                    <condition number="124" type="jump" coverage="100%" />
                  </conditions>
                </line>
                <line number="93" hits="2" branch="False" />
                <line number="95" hits="2" branch="False" />
                <line number="98" hits="2" branch="False" />
                <line number="100" hits="2" branch="False" />
                <line number="103" hits="2" branch="False" />
              </lines>
            </method>
          </methods>
          <lines>
            <line number="16" hits="43" branch="False" />
            <line number="17" hits="43" branch="False" />
            <line number="19" hits="367" branch="True" condition-coverage="100% (2/2)">
              <conditions>
                <condition number="52" type="jump" coverage="100%" />
              </conditions>
            </line>
            <line number="20" hits="119" branch="False" />
            <line number="22" hits="119" branch="True" condition-coverage="100% (2/2)">
              <conditions>
                <condition number="38" type="jump" coverage="100%" />
              </conditions>
            </line>
            <line number="23" hits="42" branch="False" />
            <line number="24" hits="42" branch="False" />
            <line number="26" hits="42" branch="False" />
            <line number="28" hits="119" branch="False" />
            <line number="30" hits="43" branch="True" condition-coverage="100% (2/2)">
              <conditions>
                <condition number="79" type="jump" coverage="100%" />
              </conditions>
            </line>
            <line number="31" hits="1" branch="False" />
            <line number="32" hits="1" branch="False" />
            <line number="35" hits="42" branch="True" condition-coverage="50% (1/2)">
              <conditions>
                <condition number="114" type="jump" coverage="50%" />
              </conditions>
            </line>
            <line number="36" hits="0" branch="False" />
            <line number="37" hits="0" branch="False" />
            <line number="40" hits="42" branch="False" />
            <line number="42" hits="42" branch="False" />
            <line number="45" hits="42" branch="False" />
            <line number="46" hits="42" branch="False" />
            <line number="48" hits="230" branch="True" condition-coverage="100% (2/2)">
              <conditions>
                <condition number="195" type="jump" coverage="100%" />
              </conditions>
            </line>
            <line number="49" hits="52" branch="False" />
            <line number="51" hits="650" branch="True" condition-coverage="100% (2/2)">
              <conditions>
                <condition number="168" type="jump" coverage="100%" />
              </conditions>
            </line>
            <line number="52" hits="247" branch="False" />
            <line number="53" hits="247" branch="True" condition-coverage="100% (2/2)">
              <conditions>
                <condition number="76" type="jump" coverage="100%" />
              </conditions>
            </line>
            <line number="54" hits="52" branch="False" />
            <line number="55" hits="52" branch="False" />
            <line number="56" hits="52" branch="False" />
            <line number="57" hits="52" branch="False" />
            <line number="58" hits="52" branch="False" />
            <line number="62" hits="247" branch="False" />
            <line number="64" hits="52" branch="False" />
            <line number="66" hits="42" branch="True" condition-coverage="50% (1/2)">
              <conditions>
                <condition number="230" type="jump" coverage="50%" />
              </conditions>
            </line>
            <line number="67" hits="0" branch="False" />
            <line number="68" hits="0" branch="False" />
            <line number="71" hits="42" branch="False" />
            <line number="72" hits="42" branch="False" />
            <line number="77" hits="2" branch="False" />
            <line number="79" hits="2" branch="False" />
            <line number="81" hits="2" branch="False" />
            <line number="83" hits="2" branch="False" />
            <line number="87" hits="2" branch="False" />
            <line number="89" hits="2" branch="False" />
            <line number="92" hits="10" branch="True" condition-coverage="100% (2/2)">
              <conditions>
                <condition number="124" type="jump" coverage="100%" />
              </conditions>
            </line>
            <line number="93" hits="2" branch="False" />
            <line number="95" hits="2" branch="False" />
            <line number="98" hits="2" branch="False" />
            <line number="100" hits="2" branch="False" />
            <line number="103" hits="2" branch="False" />
          </lines>
        </class>
        <class name="DAL.JsonFileToObject" filename="DAL/JsonFileToObject.cs" line-rate="1" branch-rate="1" complexity="5">
          <methods>
            <method name="convertJsonToOrder" signature="(System.String,DAL.DataMapper)" line-rate="1" branch-rate="1" complexity="1">
              <lines>
                <line number="25" hits="38" branch="False" />
                <line number="26" hits="38" branch="False" />
                <line number="27" hits="38" branch="False" />
                <line number="28" hits="38" branch="False" />
                <line number="29" hits="38" branch="False" />
                <line number="33" hits="38" branch="False" />
                <line number="35" hits="38" branch="False" />
                <line number="39" hits="38" branch="False" />
              </lines>
            </method>
            <method name="convertJsonToClients" signature="()" line-rate="1" branch-rate="1" complexity="2">
              <lines>
                <line number="44" hits="39" branch="False" />
                <line number="47" hits="39" branch="False" />
                <line number="48" hits="39" branch="False" />
                <line number="49" hits="39" branch="False" />
                <line number="50" hits="39" branch="False" />
                <line number="53" hits="39" branch="False" />
                <line number="55" hits="351" branch="True" condition-coverage="100% (2/2)">
                  <conditions>
                    <condition number="76" type="jump" coverage="100%" />
                  </conditions>
                </line>
                <line number="56" hits="117" branch="False" />
                <line number="57" hits="117" branch="False" />
                <line number="58" hits="117" branch="False" />
                <line number="60" hits="39" branch="False" />
                <line number="63" hits="39" branch="False" />
              </lines>
            </method>
            <method name="convertJsonToProducts" signature="()" line-rate="1" branch-rate="1" complexity="2">
              <lines>
                <line number="66" hits="39" branch="False" />
                <line number="68" hits="39" branch="False" />
                <line number="69" hits="39" branch="False" />
                <line number="70" hits="39" branch="False" />
                <line number="71" hits="39" branch="False" />
                <line number="73" hits="39" branch="False" />
                <line number="75" hits="507" branch="True" condition-coverage="100% (2/2)">
                  <conditions>
                    <condition number="76" type="jump" coverage="100%" />
                  </conditions>
                </line>
                <line number="76" hits="195" branch="False" />
                <line number="78" hits="195" branch="False" />
                <line number="80" hits="195" branch="False" />
                <line number="82" hits="39" branch="False" />
                <line number="85" hits="39" branch="False" />
              </lines>
            </method>
          </methods>
          <lines>
            <line number="25" hits="38" branch="False" />
            <line number="26" hits="38" branch="False" />
            <line number="27" hits="38" branch="False" />
            <line number="28" hits="38" branch="False" />
            <line number="29" hits="38" branch="False" />
            <line number="33" hits="38" branch="False" />
            <line number="35" hits="38" branch="False" />
            <line number="39" hits="38" branch="False" />
            <line number="44" hits="39" branch="False" />
            <line number="47" hits="39" branch="False" />
            <line number="48" hits="39" branch="False" />
            <line number="49" hits="39" branch="False" />
            <line number="50" hits="39" branch="False" />
            <line number="53" hits="39" branch="False" />
            <line number="55" hits="351" branch="True" condition-coverage="100% (2/2)">
              <conditions>
                <condition number="76" type="jump" coverage="100%" />
              </conditions>
            </line>
            <line number="56" hits="117" branch="False" />
            <line number="57" hits="117" branch="False" />
            <line number="58" hits="117" branch="False" />
            <line number="60" hits="39" branch="False" />
            <line number="63" hits="39" branch="False" />
            <line number="66" hits="39" branch="False" />
            <line number="68" hits="39" branch="False" />
            <line number="69" hits="39" branch="False" />
            <line number="70" hits="39" branch="False" />
            <line number="71" hits="39" branch="False" />
            <line number="73" hits="39" branch="False" />
            <line number="75" hits="507" branch="True" condition-coverage="100% (2/2)">
              <conditions>
                <condition number="76" type="jump" coverage="100%" />
              </conditions>
            </line>
            <line number="76" hits="195" branch="False" />
            <line number="78" hits="195" branch="False" />
            <line number="80" hits="195" branch="False" />
            <line number="82" hits="39" branch="False" />
            <line number="85" hits="39" branch="False" />
          </lines>
        </class>
      </classes>
    </package>
  </packages>
</coverage>