<?xml version="1.0" encoding="utf-8"?>
<coverage line-rate="0.7877" branch-rate="0.6934999999999999" version="1.9" timestamp="1625584891" lines-covered="193" lines-valid="245" branches-covered="43" branches-valid="62">
  <sources>
    <source>/home/elia/Documents/becode/discounts/</source>
  </sources>
  <packages>
    <package name="DiscountCalculator" line-rate="0.8823000000000001" branch-rate="0.8332999999999999" complexity="33">
      <classes>
        <class name="Discount.Calculators.DiscountCalculator" filename="DiscountCalculator/DiscountCalculator.cs" line-rate="0.8823000000000001" branch-rate="0.8332999999999999" complexity="33">
          <methods>
            <method name="clientGetsWholeOrderDiscount" signature="()" line-rate="1" branch-rate="1" complexity="2">
              <lines>
                <line number="28" hits="3" branch="False" />
                <line number="30" hits="3" branch="True" condition-coverage="100% (2/2)">
                  <conditions>
                    <condition number="44" type="jump" coverage="100%" />
                  </conditions>
                </line>
                <line number="31" hits="2" branch="False" />
                <line number="32" hits="2" branch="False" />
                <line number="35" hits="1" branch="False" />
                <line number="36" hits="3" branch="False" />
              </lines>
            </method>
            <method name="applyGlobalDiscount" signature="()" line-rate="1" branch-rate="1" complexity="1">
              <lines>
                <line number="39" hits="3" branch="False" />
                <line number="41" hits="3" branch="False" />
                <line number="45" hits="3" branch="False" />
                <line number="48" hits="3" branch="False" />
              </lines>
            </method>
            <method name="freeSwitches" signature="()" line-rate="1" branch-rate="1" complexity="10">
              <lines>
                <line number="51" hits="2" branch="False" />
                <line number="52" hits="2" branch="False" />
                <line number="54" hits="2" branch="False" />
                <line number="56" hits="2" branch="False" />
                <line number="58" hits="10" branch="True" condition-coverage="100% (2/2)">
                  <conditions>
                    <condition number="161" type="jump" coverage="100%" />
                  </conditions>
                </line>
                <line number="59" hits="2" branch="False" />
                <line number="61" hits="2" branch="True" condition-coverage="100% (2/2)">
                  <conditions>
                    <condition number="65" type="jump" coverage="100%" />
                  </conditions>
                </line>
                <line number="62" hits="2" branch="False" />
                <line number="64" hits="44" branch="True" condition-coverage="100% (2/2)">
                  <conditions>
                    <condition number="150" type="jump" coverage="100%" />
                  </conditions>
                </line>
                <line number="65" hits="20" branch="False" />
                <line number="66" hits="20" branch="True" condition-coverage="100% (4/4)">
                  <conditions>
                    <condition number="78" type="jump" coverage="100%" />
                    <condition number="92" type="jump" coverage="100%" />
                  </conditions>
                </line>
                <line number="67" hits="3" branch="False" />
                <line number="68" hits="3" branch="False" />
                <line number="69" hits="3" branch="False" />
                <line number="70" hits="3" branch="False" />
                <line number="71" hits="3" branch="False" />
                <line number="72" hits="20" branch="False" />
                <line number="74" hits="2" branch="False" />
                <line number="76" hits="2" branch="False" />
                <line number="80" hits="2" branch="False" />
              </lines>
            </method>
            <method name="cangetDiscountForTools" signature="()" line-rate="1" branch-rate="1" complexity="6">
              <lines>
                <line number="85" hits="3" branch="False" />
                <line number="86" hits="3" branch="False" />
                <line number="88" hits="17" branch="True" condition-coverage="100% (2/2)">
                  <conditions>
                    <condition number="64" type="jump" coverage="100%" />
                  </conditions>
                </line>
                <line number="89" hits="4" branch="False" />
                <line number="91" hits="4" branch="True" condition-coverage="100% (2/2)">
                  <conditions>
                    <condition number="48" type="jump" coverage="100%" />
                  </conditions>
                </line>
                <line number="92" hits="2" branch="False" />
                <line number="93" hits="2" branch="False" />
                <line number="94" hits="2" branch="False" />
                <line number="96" hits="4" branch="False" />
                <line number="98" hits="3" branch="True" condition-coverage="100% (2/2)">
                  <conditions>
                    <condition number="91" type="jump" coverage="100%" />
                  </conditions>
                </line>
                <line number="99" hits="2" branch="False" />
                <line number="100" hits="2" branch="False" />
                <line number="104" hits="1" branch="False" />
                <line number="107" hits="3" branch="False" />
              </lines>
            </method>
            <method name="compareIemsByUnitPrice" signature="(Domain.Orders.Item,Domain.Orders.Item)" line-rate="0.5" branch-rate="0.375" complexity="8">
              <lines>
                <line number="110" hits="2" branch="False" />
                <line number="111" hits="2" branch="True" condition-coverage="50% (1/2)">
                  <conditions>
                    <condition number="7" type="jump" coverage="50%" />
                  </conditions>
                </line>
                <line number="112" hits="0" branch="False" />
                <line number="113" hits="0" branch="True" condition-coverage="0% (0/2)">
                  <conditions>
                    <condition number="16" type="jump" coverage="0%" />
                  </conditions>
                </line>
                <line number="114" hits="0" branch="False" />
                <line number="117" hits="0" branch="False" />
                <line number="120" hits="0" branch="False" />
                <line number="123" hits="0" branch="False" />
                <line number="127" hits="2" branch="False" />
                <line number="130" hits="2" branch="True" condition-coverage="50% (1/2)">
                  <conditions>
                    <condition number="35" type="jump" coverage="50%" />
                  </conditions>
                </line>
                <line number="132" hits="0" branch="False" />
                <line number="133" hits="0" branch="False" />
                <line number="136" hits="2" branch="False" />
                <line number="137" hits="2" branch="False" />
                <line number="139" hits="2" branch="True" condition-coverage="50% (1/2)">
                  <conditions>
                    <condition number="75" type="jump" coverage="50%" />
                  </conditions>
                </line>
                <line number="140" hits="2" branch="False" />
                <line number="142" hits="2" branch="False" />
                <line number="145" hits="0" branch="False" />
                <line number="146" hits="0" branch="False" />
                <line number="150" hits="2" branch="False" />
              </lines>
            </method>
            <method name="getCheapestToolItem" signature="()" line-rate="1" branch-rate="1" complexity="4">
              <lines>
                <line number="153" hits="2" branch="False" />
                <line number="155" hits="2" branch="False" />
                <line number="157" hits="14" branch="True" condition-coverage="100% (2/2)">
                  <conditions>
                    <condition number="72" type="jump" coverage="100%" />
                  </conditions>
                </line>
                <line number="158" hits="4" branch="False" />
                <line number="160" hits="4" branch="True" condition-coverage="100% (2/2)">
                  <conditions>
                    <condition number="52" type="jump" coverage="100%" />
                  </conditions>
                </line>
                <line number="161" hits="4" branch="False" />
                <line number="162" hits="4" branch="False" />
                <line number="163" hits="4" branch="False" />
                <line number="165" hits="4" branch="False" />
                <line number="166" hits="2" branch="False" />
                <line number="168" hits="2" branch="False" />
                <line number="171" hits="2" branch="False" />
              </lines>
            </method>
            <method name="calculateToolPercent" signature="()" line-rate="1" branch-rate="1" complexity="1">
              <lines>
                <line number="174" hits="1" branch="False" />
                <line number="176" hits="1" branch="False" />
                <line number="178" hits="1" branch="False" />
                <line number="180" hits="1" branch="False" />
                <line number="182" hits="1" branch="False" />
              </lines>
            </method>
            <method name=".ctor" signature="(Domain.Orders.Order)" line-rate="1" branch-rate="1" complexity="1">
              <lines>
                <line number="20" hits="13" branch="False" />
                <line number="21" hits="13" branch="False" />
                <line number="22" hits="13" branch="False" />
                <line number="23" hits="13" branch="False" />
              </lines>
            </method>
          </methods>
          <lines>
            <line number="28" hits="3" branch="False" />
            <line number="30" hits="3" branch="True" condition-coverage="100% (2/2)">
              <conditions>
                <condition number="44" type="jump" coverage="100%" />
              </conditions>
            </line>
            <line number="31" hits="2" branch="False" />
            <line number="32" hits="2" branch="False" />
            <line number="35" hits="1" branch="False" />
            <line number="36" hits="3" branch="False" />
            <line number="39" hits="3" branch="False" />
            <line number="41" hits="3" branch="False" />
            <line number="45" hits="3" branch="False" />
            <line number="48" hits="3" branch="False" />
            <line number="51" hits="2" branch="False" />
            <line number="52" hits="2" branch="False" />
            <line number="54" hits="2" branch="False" />
            <line number="56" hits="2" branch="False" />
            <line number="58" hits="10" branch="True" condition-coverage="100% (2/2)">
              <conditions>
                <condition number="161" type="jump" coverage="100%" />
              </conditions>
            </line>
            <line number="59" hits="2" branch="False" />
            <line number="61" hits="2" branch="True" condition-coverage="100% (2/2)">
              <conditions>
                <condition number="65" type="jump" coverage="100%" />
              </conditions>
            </line>
            <line number="62" hits="2" branch="False" />
            <line number="64" hits="44" branch="True" condition-coverage="100% (2/2)">
              <conditions>
                <condition number="150" type="jump" coverage="100%" />
              </conditions>
            </line>
            <line number="65" hits="20" branch="False" />
            <line number="66" hits="20" branch="True" condition-coverage="100% (4/4)">
              <conditions>
                <condition number="78" type="jump" coverage="100%" />
                <condition number="92" type="jump" coverage="100%" />
              </conditions>
            </line>
            <line number="67" hits="3" branch="False" />
            <line number="68" hits="3" branch="False" />
            <line number="69" hits="3" branch="False" />
            <line number="70" hits="3" branch="False" />
            <line number="71" hits="3" branch="False" />
            <line number="72" hits="20" branch="False" />
            <line number="74" hits="2" branch="False" />
            <line number="76" hits="2" branch="False" />
            <line number="80" hits="2" branch="False" />
            <line number="85" hits="3" branch="False" />
            <line number="86" hits="3" branch="False" />
            <line number="88" hits="17" branch="True" condition-coverage="100% (2/2)">
              <conditions>
                <condition number="64" type="jump" coverage="100%" />
              </conditions>
            </line>
            <line number="89" hits="4" branch="False" />
            <line number="91" hits="4" branch="True" condition-coverage="100% (2/2)">
              <conditions>
                <condition number="48" type="jump" coverage="100%" />
              </conditions>
            </line>
            <line number="92" hits="2" branch="False" />
            <line number="93" hits="2" branch="False" />
            <line number="94" hits="2" branch="False" />
            <line number="96" hits="4" branch="False" />
            <line number="98" hits="3" branch="True" condition-coverage="100% (2/2)">
              <conditions>
                <condition number="91" type="jump" coverage="100%" />
              </conditions>
            </line>
            <line number="99" hits="2" branch="False" />
            <line number="100" hits="2" branch="False" />
            <line number="104" hits="1" branch="False" />
            <line number="107" hits="3" branch="False" />
            <line number="110" hits="2" branch="False" />
            <line number="111" hits="2" branch="True" condition-coverage="50% (1/2)">
              <conditions>
                <condition number="7" type="jump" coverage="50%" />
              </conditions>
            </line>
            <line number="112" hits="0" branch="False" />
            <line number="113" hits="0" branch="True" condition-coverage="0% (0/2)">
              <conditions>
                <condition number="16" type="jump" coverage="0%" />
              </conditions>
            </line>
            <line number="114" hits="0" branch="False" />
            <line number="117" hits="0" branch="False" />
            <line number="120" hits="0" branch="False" />
            <line number="123" hits="0" branch="False" />
            <line number="127" hits="2" branch="False" />
            <line number="130" hits="2" branch="True" condition-coverage="50% (1/2)">
              <conditions>
                <condition number="35" type="jump" coverage="50%" />
              </conditions>
            </line>
            <line number="132" hits="0" branch="False" />
            <line number="133" hits="0" branch="False" />
            <line number="136" hits="2" branch="False" />
            <line number="137" hits="2" branch="False" />
            <line number="139" hits="2" branch="True" condition-coverage="50% (1/2)">
              <conditions>
                <condition number="75" type="jump" coverage="50%" />
              </conditions>
            </line>
            <line number="140" hits="2" branch="False" />
            <line number="142" hits="2" branch="False" />
            <line number="145" hits="0" branch="False" />
            <line number="146" hits="0" branch="False" />
            <line number="150" hits="2" branch="False" />
            <line number="153" hits="2" branch="False" />
            <line number="155" hits="2" branch="False" />
            <line number="157" hits="14" branch="True" condition-coverage="100% (2/2)">
              <conditions>
                <condition number="72" type="jump" coverage="100%" />
              </conditions>
            </line>
            <line number="158" hits="4" branch="False" />
            <line number="160" hits="4" branch="True" condition-coverage="100% (2/2)">
              <conditions>
                <condition number="52" type="jump" coverage="100%" />
              </conditions>
            </line>
            <line number="161" hits="4" branch="False" />
            <line number="162" hits="4" branch="False" />
            <line number="163" hits="4" branch="False" />
            <line number="165" hits="4" branch="False" />
            <line number="166" hits="2" branch="False" />
            <line number="168" hits="2" branch="False" />
            <line number="171" hits="2" branch="False" />
            <line number="174" hits="1" branch="False" />
            <line number="176" hits="1" branch="False" />
            <line number="178" hits="1" branch="False" />
            <line number="180" hits="1" branch="False" />
            <line number="182" hits="1" branch="False" />
            <line number="20" hits="13" branch="False" />
            <line number="21" hits="13" branch="False" />
            <line number="22" hits="13" branch="False" />
            <line number="23" hits="13" branch="False" />
          </lines>
        </class>
      </classes>
    </package>
    <package name="Domain" line-rate="0.9152" branch-rate="0" complexity="40">
      <classes>
        <class name="Domain.ProductsDto.ProductDto" filename="Domain/ProductsDto/ProductDto.cs" line-rate="1" branch-rate="1" complexity="4">
          <methods>
            <method name="get_id" signature="()" line-rate="1" branch-rate="1" complexity="1">
              <lines>
                <line number="5" hits="324" branch="False" />
              </lines>
            </method>
            <method name="get_description" signature="()" line-rate="1" branch-rate="1" complexity="1">
              <lines>
                <line number="6" hits="324" branch="False" />
              </lines>
            </method>
            <method name="get_category" signature="()" line-rate="1" branch-rate="1" complexity="1">
              <lines>
                <line number="7" hits="324" branch="False" />
              </lines>
            </method>
            <method name="get_price" signature="()" line-rate="1" branch-rate="1" complexity="1">
              <lines>
                <line number="8" hits="324" branch="False" />
              </lines>
            </method>
          </methods>
          <lines>
            <line number="5" hits="324" branch="False" />
            <line number="6" hits="324" branch="False" />
            <line number="7" hits="324" branch="False" />
            <line number="8" hits="324" branch="False" />
          </lines>
        </class>
        <class name="Domain.Products.Product" filename="Domain/Products/Product.cs" line-rate="1" branch-rate="1" complexity="6">
          <methods>
            <method name="get_id" signature="()" line-rate="1" branch-rate="1" complexity="1">
              <lines>
                <line number="10" hits="386" branch="False" />
              </lines>
            </method>
            <method name="get_description" signature="()" line-rate="1" branch-rate="1" complexity="1">
              <lines>
                <line number="11" hits="173" branch="False" />
              </lines>
            </method>
            <method name="get_category" signature="()" line-rate="1" branch-rate="1" complexity="1">
              <lines>
                <line number="12" hits="183" branch="False" />
              </lines>
            </method>
            <method name="get_price" signature="()" line-rate="1" branch-rate="1" complexity="1">
              <lines>
                <line number="13" hits="173" branch="False" />
              </lines>
            </method>
            <method name=".ctor" signature="(Domain.ProductsDto.ProductDto)" line-rate="1" branch-rate="1" complexity="1">
              <lines>
                <line number="17" hits="161" branch="False" />
                <line number="18" hits="161" branch="False" />
                <line number="19" hits="161" branch="False" />
                <line number="20" hits="161" branch="False" />
                <line number="21" hits="161" branch="False" />
                <line number="22" hits="161" branch="False" />
                <line number="23" hits="161" branch="False" />
              </lines>
            </method>
            <method name=".ctor" signature="()" line-rate="1" branch-rate="1" complexity="1">
              <lines>
                <line number="25" hits="8" branch="False" />
                <line number="26" hits="8" branch="False" />
                <line number="27" hits="8" branch="False" />
              </lines>
            </method>
          </methods>
          <lines>
            <line number="10" hits="386" branch="False" />
            <line number="11" hits="173" branch="False" />
            <line number="12" hits="183" branch="False" />
            <line number="13" hits="173" branch="False" />
            <line number="17" hits="161" branch="False" />
            <line number="18" hits="161" branch="False" />
            <line number="19" hits="161" branch="False" />
            <line number="20" hits="161" branch="False" />
            <line number="21" hits="161" branch="False" />
            <line number="22" hits="161" branch="False" />
            <line number="23" hits="161" branch="False" />
            <line number="25" hits="8" branch="False" />
            <line number="26" hits="8" branch="False" />
            <line number="27" hits="8" branch="False" />
          </lines>
        </class>
        <class name="Domain.OrdersDto.OrderDto" filename="Domain/OrdersDto/OrderDto.cs" line-rate="1" branch-rate="1" complexity="4">
          <methods>
            <method name="get_id" signature="()" line-rate="1" branch-rate="1" complexity="1">
              <lines>
                <line number="9" hits="70" branch="False" />
              </lines>
            </method>
            <method name="get_customerId" signature="()" line-rate="1" branch-rate="1" complexity="1">
              <lines>
                <line number="12" hits="170" branch="False" />
              </lines>
            </method>
            <method name="get_items" signature="()" line-rate="1" branch-rate="1" complexity="1">
              <lines>
                <line number="13" hits="103" branch="False" />
              </lines>
            </method>
            <method name="get_total" signature="()" line-rate="1" branch-rate="1" complexity="1">
              <lines>
                <line number="14" hits="70" branch="False" />
              </lines>
            </method>
          </methods>
          <lines>
            <line number="9" hits="70" branch="False" />
            <line number="12" hits="170" branch="False" />
            <line number="13" hits="103" branch="False" />
            <line number="14" hits="70" branch="False" />
          </lines>
        </class>
        <class name="Domain.OrdersDto.ItemDto" filename="Domain/OrdersDto/OrderLineDto.cs" line-rate="1" branch-rate="1" complexity="4">
          <methods>
            <method name="get_productId" signature="()" line-rate="1" branch-rate="1" complexity="1">
              <lines>
                <line number="8" hits="259" branch="False" />
              </lines>
            </method>
            <method name="get_quantity" signature="()" line-rate="1" branch-rate="1" complexity="1">
              <lines>
                <line number="9" hits="91" branch="False" />
              </lines>
            </method>
            <method name="get_unitPrice" signature="()" line-rate="1" branch-rate="1" complexity="1">
              <lines>
                <line number="12" hits="91" branch="False" />
              </lines>
            </method>
            <method name="get_total" signature="()" line-rate="1" branch-rate="1" complexity="1">
              <lines>
                <line number="13" hits="91" branch="False" />
              </lines>
            </method>
          </methods>
          <lines>
            <line number="8" hits="259" branch="False" />
            <line number="9" hits="91" branch="False" />
            <line number="12" hits="91" branch="False" />
            <line number="13" hits="91" branch="False" />
          </lines>
        </class>
        <class name="Domain.Orders.Order" filename="Domain/Orders/Order.cs" line-rate="1" branch-rate="1" complexity="5">
          <methods>
            <method name="get_id" signature="()" line-rate="1" branch-rate="1" complexity="1">
              <lines>
                <line number="13" hits="52" branch="False" />
              </lines>
            </method>
            <method name="get_client" signature="()" line-rate="1" branch-rate="1" complexity="1">
              <lines>
                <line number="14" hits="57" branch="False" />
              </lines>
            </method>
            <method name="get_items" signature="()" line-rate="1" branch-rate="1" complexity="1">
              <lines>
                <line number="15" hits="63" branch="False" />
              </lines>
            </method>
            <method name="get_total" signature="()" line-rate="1" branch-rate="1" complexity="1">
              <lines>
                <line number="16" hits="79" branch="False" />
              </lines>
            </method>
            <method name=".ctor" signature="()" line-rate="1" branch-rate="1" complexity="1">
              <lines>
                <line number="20" hits="108" branch="False" />
              </lines>
            </method>
          </methods>
          <lines>
            <line number="13" hits="52" branch="False" />
            <line number="14" hits="57" branch="False" />
            <line number="15" hits="63" branch="False" />
            <line number="16" hits="79" branch="False" />
            <line number="20" hits="108" branch="False" />
          </lines>
        </class>
        <class name="Domain.Orders.Item" filename="Domain/Orders/OrderLine.cs" line-rate="0.5832999999999999" branch-rate="0" complexity="7">
          <methods>
            <method name="get_product" signature="()" line-rate="1" branch-rate="1" complexity="1">
              <lines>
                <line number="12" hits="58" branch="False" />
              </lines>
            </method>
            <method name="get_quantity" signature="()" line-rate="1" branch-rate="1" complexity="1">
              <lines>
                <line number="13" hits="78" branch="False" />
              </lines>
            </method>
            <method name="get_unitPrice" signature="()" line-rate="1" branch-rate="1" complexity="1">
              <lines>
                <line number="15" hits="54" branch="False" />
              </lines>
            </method>
            <method name="get_total" signature="()" line-rate="1" branch-rate="1" complexity="1">
              <lines>
                <line number="16" hits="48" branch="False" />
              </lines>
            </method>
            <method name="CompareTo" signature="(Domain.Orders.Item)" line-rate="0" branch-rate="0" complexity="2">
              <lines>
                <line number="25" hits="0" branch="False" />
                <line number="27" hits="0" branch="True" condition-coverage="0% (0/2)">
                  <conditions>
                    <condition number="7" type="jump" coverage="0%" />
                  </conditions>
                </line>
                <line number="29" hits="0" branch="False" />
                <line number="31" hits="0" branch="False" />
                <line number="32" hits="0" branch="False" />
              </lines>
            </method>
            <method name=".ctor" signature="()" line-rate="1" branch-rate="1" complexity="1">
              <lines>
                <line number="19" hits="47" branch="False" />
                <line number="20" hits="47" branch="False" />
                <line number="21" hits="47" branch="False" />
              </lines>
            </method>
          </methods>
          <lines>
            <line number="12" hits="58" branch="False" />
            <line number="13" hits="78" branch="False" />
            <line number="15" hits="54" branch="False" />
            <line number="16" hits="48" branch="False" />
            <line number="25" hits="0" branch="False" />
            <line number="27" hits="0" branch="True" condition-coverage="0% (0/2)">
              <conditions>
                <condition number="7" type="jump" coverage="0%" />
              </conditions>
            </line>
            <line number="29" hits="0" branch="False" />
            <line number="31" hits="0" branch="False" />
            <line number="32" hits="0" branch="False" />
            <line number="19" hits="47" branch="False" />
            <line number="20" hits="47" branch="False" />
            <line number="21" hits="47" branch="False" />
          </lines>
        </class>
        <class name="Domain.ClientsDto.ClientDto" filename="Domain/ClientsDto/ClientDto.cs" line-rate="1" branch-rate="1" complexity="4">
          <methods>
            <method name="get_id" signature="()" line-rate="1" branch-rate="1" complexity="1">
              <lines>
                <line number="10" hits="196" branch="False" />
              </lines>
            </method>
            <method name="get_name" signature="()" line-rate="1" branch-rate="1" complexity="1">
              <lines>
                <line number="11" hits="196" branch="False" />
              </lines>
            </method>
            <method name="get_since" signature="()" line-rate="1" branch-rate="1" complexity="1">
              <lines>
                <line number="12" hits="196" branch="False" />
              </lines>
            </method>
            <method name="get_revenue" signature="()" line-rate="1" branch-rate="1" complexity="1">
              <lines>
                <line number="13" hits="196" branch="False" />
              </lines>
            </method>
          </methods>
          <lines>
            <line number="10" hits="196" branch="False" />
            <line number="11" hits="196" branch="False" />
            <line number="12" hits="196" branch="False" />
            <line number="13" hits="196" branch="False" />
          </lines>
        </class>
        <class name="Domain.Clients.Client" filename="Domain/Clients/Client.cs" line-rate="1" branch-rate="1" complexity="6">
          <methods>
            <method name="get_id" signature="()" line-rate="1" branch-rate="1" complexity="1">
              <lines>
                <line number="9" hits="258" branch="False" />
              </lines>
            </method>
            <method name="get_name" signature="()" line-rate="1" branch-rate="1" complexity="1">
              <lines>
                <line number="10" hits="123" branch="False" />
              </lines>
            </method>
            <method name="get_since" signature="()" line-rate="1" branch-rate="1" complexity="1">
              <lines>
                <line number="11" hits="123" branch="False" />
              </lines>
            </method>
            <method name="get_revenue" signature="()" line-rate="1" branch-rate="1" complexity="1">
              <lines>
                <line number="12" hits="126" branch="False" />
              </lines>
            </method>
            <method name=".ctor" signature="(Domain.ClientsDto.ClientDto)" line-rate="1" branch-rate="1" complexity="1">
              <lines>
                <line number="15" hits="97" branch="False" />
                <line number="16" hits="97" branch="False" />
                <line number="17" hits="97" branch="False" />
                <line number="18" hits="97" branch="False" />
                <line number="19" hits="97" branch="False" />
                <line number="20" hits="97" branch="False" />
                <line number="21" hits="97" branch="False" />
              </lines>
            </method>
            <method name=".ctor" signature="()" line-rate="1" branch-rate="1" complexity="1">
              <lines>
                <line number="23" hits="21" branch="False" />
              </lines>
            </method>
          </methods>
          <lines>
            <line number="9" hits="258" branch="False" />
            <line number="10" hits="123" branch="False" />
            <line number="11" hits="123" branch="False" />
            <line number="12" hits="126" branch="False" />
            <line number="15" hits="97" branch="False" />
            <line number="16" hits="97" branch="False" />
            <line number="17" hits="97" branch="False" />
            <line number="18" hits="97" branch="False" />
            <line number="19" hits="97" branch="False" />
            <line number="20" hits="97" branch="False" />
            <line number="21" hits="97" branch="False" />
            <line number="23" hits="21" branch="False" />
          </lines>
        </class>
      </classes>
    </package>
    <package name="Application" line-rate="0" branch-rate="0" complexity="11">
      <classes>
        <class name="Application.OrderPage" filename="Application/OrderPage.cs" line-rate="0" branch-rate="1" complexity="1">
          <methods>
            <method name="orderIndex" signature="()" line-rate="0" branch-rate="1" complexity="1">
              <lines>
                <line number="8" hits="0" branch="False" />
                <line number="10" hits="0" branch="False" />
                <line number="12" hits="0" branch="False" />
              </lines>
            </method>
          </methods>
          <lines>
            <line number="8" hits="0" branch="False" />
            <line number="10" hits="0" branch="False" />
            <line number="12" hits="0" branch="False" />
          </lines>
        </class>
        <class name="Application.Program" filename="Application/Program.cs" line-rate="0" branch-rate="0" complexity="10">
          <methods>
            <method name="Main" signature="(System.String[])" line-rate="0" branch-rate="0" complexity="10">
              <lines>
                <line number="10" hits="0" branch="False" />
                <line number="11" hits="0" branch="False" />
                <line number="12" hits="0" branch="False" />
                <line number="14" hits="0" branch="False" />
                <line number="18" hits="0" branch="False" />
                <line number="19" hits="0" branch="False" />
                <line number="21" hits="0" branch="False" />
                <line number="23" hits="0" branch="False" />
                <line number="26" hits="0" branch="False" />
                <line number="27" hits="0" branch="False" />
                <line number="29" hits="0" branch="False" />
                <line number="31" hits="0" branch="True" condition-coverage="0% (0/2)">
                  <conditions>
                    <condition number="180" type="jump" coverage="0%" />
                  </conditions>
                </line>
                <line number="32" hits="0" branch="False" />
                <line number="33" hits="0" branch="False" />
                <line number="34" hits="0" branch="False" />
                <line number="36" hits="0" branch="True" condition-coverage="0% (0/4)">
                  <conditions>
                    <condition number="121" type="jump" coverage="0%" />
                    <condition number="135" type="jump" coverage="0%" />
                  </conditions>
                </line>
                <line number="37" hits="0" branch="False" />
                <line number="38" hits="0" branch="False" />
                <line number="39" hits="0" branch="False" />
                <line number="41" hits="0" branch="True" condition-coverage="0% (0/2)">
                  <conditions>
                    <condition number="153" type="jump" coverage="0%" />
                  </conditions>
                </line>
                <line number="42" hits="0" branch="False" />
                <line number="43" hits="0" branch="False" />
                <line number="44" hits="0" branch="False" />
                <line number="46" hits="0" branch="False" />
                <line number="48" hits="0" branch="True" condition-coverage="0% (0/2)">
                  <conditions>
                    <condition number="190" type="jump" coverage="0%" />
                  </conditions>
                </line>
                <line number="49" hits="0" branch="False" />
                <line number="50" hits="0" branch="False" />
                <line number="51" hits="0" branch="False" />
                <line number="52" hits="0" branch="False" />
                <line number="54" hits="0" branch="False" />
              </lines>
            </method>
          </methods>
          <lines>
            <line number="10" hits="0" branch="False" />
            <line number="11" hits="0" branch="False" />
            <line number="12" hits="0" branch="False" />
            <line number="14" hits="0" branch="False" />
            <line number="18" hits="0" branch="False" />
            <line number="19" hits="0" branch="False" />
            <line number="21" hits="0" branch="False" />
            <line number="23" hits="0" branch="False" />
            <line number="26" hits="0" branch="False" />
            <line number="27" hits="0" branch="False" />
            <line number="29" hits="0" branch="False" />
            <line number="31" hits="0" branch="True" condition-coverage="0% (0/2)">
              <conditions>
                <condition number="180" type="jump" coverage="0%" />
              </conditions>
            </line>
            <line number="32" hits="0" branch="False" />
            <line number="33" hits="0" branch="False" />
            <line number="34" hits="0" branch="False" />
            <line number="36" hits="0" branch="True" condition-coverage="0% (0/4)">
              <conditions>
                <condition number="121" type="jump" coverage="0%" />
                <condition number="135" type="jump" coverage="0%" />
              </conditions>
            </line>
            <line number="37" hits="0" branch="False" />
            <line number="38" hits="0" branch="False" />
            <line number="39" hits="0" branch="False" />
            <line number="41" hits="0" branch="True" condition-coverage="0% (0/2)">
              <conditions>
                <condition number="153" type="jump" coverage="0%" />
              </conditions>
            </line>
            <line number="42" hits="0" branch="False" />
            <line number="43" hits="0" branch="False" />
            <line number="44" hits="0" branch="False" />
            <line number="46" hits="0" branch="False" />
            <line number="48" hits="0" branch="True" condition-coverage="0% (0/2)">
              <conditions>
                <condition number="190" type="jump" coverage="0%" />
              </conditions>
            </line>
            <line number="49" hits="0" branch="False" />
            <line number="50" hits="0" branch="False" />
            <line number="51" hits="0" branch="False" />
            <line number="52" hits="0" branch="False" />
            <line number="54" hits="0" branch="False" />
          </lines>
        </class>
      </classes>
    </package>
    <package name="DAL" line-rate="0.9411" branch-rate="0.9" complexity="21">
      <classes>
        <class name="DAL.DtoToModelConverter" filename="DAL/DtoToModelConverter.cs" line-rate="0.8887999999999999" branch-rate="0.875" complexity="16">
          <methods>
            <method name="convertOrderDtoToOrder" signature="(Domain.OrdersDto.OrderDto,System.Collections.Generic.List`1&lt;Domain.Clients.Client&gt;,System.Collections.Generic.List`1&lt;Domain.Products.Product&gt;)" line-rate="0.8823000000000001" branch-rate="0.875" complexity="8">
              <lines>
                <line number="16" hits="36" branch="False" />
                <line number="17" hits="36" branch="False" />
                <line number="19" hits="304" branch="True" condition-coverage="100% (2/2)">
                  <conditions>
                    <condition number="52" type="jump" coverage="100%" />
                  </conditions>
                </line>
                <line number="20" hits="98" branch="False" />
                <line number="22" hits="98" branch="True" condition-coverage="100% (2/2)">
                  <conditions>
                    <condition number="38" type="jump" coverage="100%" />
                  </conditions>
                </line>
                <line number="23" hits="35" branch="False" />
                <line number="24" hits="35" branch="False" />
                <line number="26" hits="35" branch="False" />
                <line number="28" hits="98" branch="False" />
                <line number="30" hits="36" branch="True" condition-coverage="100% (2/2)">
                  <conditions>
                    <condition number="79" type="jump" coverage="100%" />
                  </conditions>
                </line>
                <line number="31" hits="1" branch="False" />
                <line number="32" hits="1" branch="False" />
                <line number="35" hits="35" branch="True" condition-coverage="50% (1/2)">
                  <conditions>
                    <condition number="114" type="jump" coverage="50%" />
                  </conditions>
                </line>
                <line number="36" hits="0" branch="False" />
                <line number="37" hits="0" branch="False" />
                <line number="40" hits="35" branch="False" />
                <line number="42" hits="35" branch="False" />
              </lines>
            </method>
            <method name="convertItemDtosToItems" signature="(Domain.OrdersDto.OrderDto,System.Collections.Generic.List`1&lt;Domain.Products.Product&gt;)" line-rate="0.8946999999999999" branch-rate="0.875" complexity="8">
              <lines>
                <line number="45" hits="35" branch="False" />
                <line number="46" hits="35" branch="False" />
                <line number="48" hits="195" branch="True" condition-coverage="100% (2/2)">
                  <conditions>
                    <condition number="195" type="jump" coverage="100%" />
                  </conditions>
                </line>
                <line number="49" hits="45" branch="False" />
                <line number="51" hits="559" branch="True" condition-coverage="100% (2/2)">
                  <conditions>
                    <condition number="168" type="jump" coverage="100%" />
                  </conditions>
                </line>
                <line number="52" hits="212" branch="False" />
                <line number="53" hits="212" branch="True" condition-coverage="100% (2/2)">
                  <conditions>
                    <condition number="76" type="jump" coverage="100%" />
                  </conditions>
                </line>
                <line number="54" hits="45" branch="False" />
                <line number="55" hits="45" branch="False" />
                <line number="56" hits="45" branch="False" />
                <line number="57" hits="45" branch="False" />
                <line number="58" hits="45" branch="False" />
                <line number="62" hits="212" branch="False" />
                <line number="64" hits="45" branch="False" />
                <line number="66" hits="35" branch="True" condition-coverage="50% (1/2)">
                  <conditions>
                    <condition number="230" type="jump" coverage="50%" />
                  </conditions>
                </line>
                <line number="67" hits="0" branch="False" />
                <line number="68" hits="0" branch="False" />
                <line number="71" hits="35" branch="False" />
                <line number="72" hits="35" branch="False" />
              </lines>
            </method>
          </methods>
          <lines>
            <line number="16" hits="36" branch="False" />
            <line number="17" hits="36" branch="False" />
            <line number="19" hits="304" branch="True" condition-coverage="100% (2/2)">
              <conditions>
                <condition number="52" type="jump" coverage="100%" />
              </conditions>
            </line>
            <line number="20" hits="98" branch="False" />
            <line number="22" hits="98" branch="True" condition-coverage="100% (2/2)">
              <conditions>
                <condition number="38" type="jump" coverage="100%" />
              </conditions>
            </line>
            <line number="23" hits="35" branch="False" />
            <line number="24" hits="35" branch="False" />
            <line number="26" hits="35" branch="False" />
            <line number="28" hits="98" branch="False" />
            <line number="30" hits="36" branch="True" condition-coverage="100% (2/2)">
              <conditions>
                <condition number="79" type="jump" coverage="100%" />
              </conditions>
            </line>
            <line number="31" hits="1" branch="False" />
            <line number="32" hits="1" branch="False" />
            <line number="35" hits="35" branch="True" condition-coverage="50% (1/2)">
              <conditions>
                <condition number="114" type="jump" coverage="50%" />
              </conditions>
            </line>
            <line number="36" hits="0" branch="False" />
            <line number="37" hits="0" branch="False" />
            <line number="40" hits="35" branch="False" />
            <line number="42" hits="35" branch="False" />
            <line number="45" hits="35" branch="False" />
            <line number="46" hits="35" branch="False" />
            <line number="48" hits="195" branch="True" condition-coverage="100% (2/2)">
              <conditions>
                <condition number="195" type="jump" coverage="100%" />
              </conditions>
            </line>
            <line number="49" hits="45" branch="False" />
            <line number="51" hits="559" branch="True" condition-coverage="100% (2/2)">
              <conditions>
                <condition number="168" type="jump" coverage="100%" />
              </conditions>
            </line>
            <line number="52" hits="212" branch="False" />
            <line number="53" hits="212" branch="True" condition-coverage="100% (2/2)">
              <conditions>
                <condition number="76" type="jump" coverage="100%" />
              </conditions>
            </line>
            <line number="54" hits="45" branch="False" />
            <line number="55" hits="45" branch="False" />
            <line number="56" hits="45" branch="False" />
            <line number="57" hits="45" branch="False" />
            <line number="58" hits="45" branch="False" />
            <line number="62" hits="212" branch="False" />
            <line number="64" hits="45" branch="False" />
            <line number="66" hits="35" branch="True" condition-coverage="50% (1/2)">
              <conditions>
                <condition number="230" type="jump" coverage="50%" />
              </conditions>
            </line>
            <line number="67" hits="0" branch="False" />
            <line number="68" hits="0" branch="False" />
            <line number="71" hits="35" branch="False" />
            <line number="72" hits="35" branch="False" />
          </lines>
        </class>
        <class name="DAL.JsonFileToObject" filename="DAL/JsonFileToObject.cs" line-rate="1" branch-rate="1" complexity="5">
          <methods>
            <method name="convertJsonToOrder" signature="(System.String,DAL.DtoToModelConverter)" line-rate="1" branch-rate="1" complexity="1">
              <lines>
                <line number="25" hits="31" branch="False" />
                <line number="26" hits="31" branch="False" />
                <line number="27" hits="31" branch="False" />
                <line number="28" hits="31" branch="False" />
                <line number="29" hits="31" branch="False" />
                <line number="33" hits="31" branch="False" />
                <line number="35" hits="31" branch="False" />
                <line number="39" hits="31" branch="False" />
              </lines>
            </method>
            <method name="convertJsonToClients" signature="()" line-rate="1" branch-rate="1" complexity="2">
              <lines>
                <line number="44" hits="32" branch="False" />
                <line number="47" hits="32" branch="False" />
                <line number="48" hits="32" branch="False" />
                <line number="49" hits="32" branch="False" />
                <line number="50" hits="32" branch="False" />
                <line number="53" hits="32" branch="False" />
                <line number="55" hits="288" branch="True" condition-coverage="100% (2/2)">
                  <conditions>
                    <condition number="76" type="jump" coverage="100%" />
                  </conditions>
                </line>
                <line number="56" hits="96" branch="False" />
                <line number="57" hits="96" branch="False" />
                <line number="58" hits="96" branch="False" />
                <line number="60" hits="32" branch="False" />
                <line number="63" hits="32" branch="False" />
              </lines>
            </method>
            <method name="convertJsonToProducts" signature="()" line-rate="1" branch-rate="1" complexity="2">
              <lines>
                <line number="66" hits="32" branch="False" />
                <line number="68" hits="32" branch="False" />
                <line number="69" hits="32" branch="False" />
                <line number="70" hits="32" branch="False" />
                <line number="71" hits="32" branch="False" />
                <line number="73" hits="32" branch="False" />
                <line number="75" hits="416" branch="True" condition-coverage="100% (2/2)">
                  <conditions>
                    <condition number="76" type="jump" coverage="100%" />
                  </conditions>
                </line>
                <line number="76" hits="160" branch="False" />
                <line number="78" hits="160" branch="False" />
                <line number="80" hits="160" branch="False" />
                <line number="82" hits="32" branch="False" />
                <line number="85" hits="32" branch="False" />
              </lines>
            </method>
          </methods>
          <lines>
            <line number="25" hits="31" branch="False" />
            <line number="26" hits="31" branch="False" />
            <line number="27" hits="31" branch="False" />
            <line number="28" hits="31" branch="False" />
            <line number="29" hits="31" branch="False" />
            <line number="33" hits="31" branch="False" />
            <line number="35" hits="31" branch="False" />
            <line number="39" hits="31" branch="False" />
            <line number="44" hits="32" branch="False" />
            <line number="47" hits="32" branch="False" />
            <line number="48" hits="32" branch="False" />
            <line number="49" hits="32" branch="False" />
            <line number="50" hits="32" branch="False" />
            <line number="53" hits="32" branch="False" />
            <line number="55" hits="288" branch="True" condition-coverage="100% (2/2)">
              <conditions>
                <condition number="76" type="jump" coverage="100%" />
              </conditions>
            </line>
            <line number="56" hits="96" branch="False" />
            <line number="57" hits="96" branch="False" />
            <line number="58" hits="96" branch="False" />
            <line number="60" hits="32" branch="False" />
            <line number="63" hits="32" branch="False" />
            <line number="66" hits="32" branch="False" />
            <line number="68" hits="32" branch="False" />
            <line number="69" hits="32" branch="False" />
            <line number="70" hits="32" branch="False" />
            <line number="71" hits="32" branch="False" />
            <line number="73" hits="32" branch="False" />
            <line number="75" hits="416" branch="True" condition-coverage="100% (2/2)">
              <conditions>
                <condition number="76" type="jump" coverage="100%" />
              </conditions>
            </line>
            <line number="76" hits="160" branch="False" />
            <line number="78" hits="160" branch="False" />
            <line number="80" hits="160" branch="False" />
            <line number="82" hits="32" branch="False" />
            <line number="85" hits="32" branch="False" />
          </lines>
        </class>
      </classes>
    </package>
  </packages>
</coverage>