<?xml version="1.0" encoding="utf-8"?>
<coverage line-rate="0.9547" branch-rate="0.9423" version="1.9" timestamp="1625665736" lines-covered="211" lines-valid="221" branches-covered="49" branches-valid="52">
  <sources>
    <source>/home/elia/Documents/becode/discounts/</source>
  </sources>
  <packages>
    <package name="DiscountCalculator" line-rate="0.9789" branch-rate="0.9687" complexity="37">
      <classes>
        <class name="Discount.Calculators.DiscountCalculator" filename="DiscountCalculator/DiscountCalculator.cs" line-rate="0.9789" branch-rate="0.9687" complexity="37">
          <methods>
            <method name="get_discountLog" signature="()" line-rate="1" branch-rate="1" complexity="1">
              <lines>
                <line number="25" hits="17" branch="False" />
              </lines>
            </method>
            <method name="CalculateTotalDiscount" signature="()" line-rate="1" branch-rate="1" complexity="6">
              <lines>
                <line number="34" hits="3" branch="False" />
                <line number="35" hits="3" branch="True" condition-coverage="100% (2/2)">
                  <conditions>
                    <condition number="9" type="jump" coverage="100%" />
                  </conditions>
                </line>
                <line number="36" hits="1" branch="False" />
                <line number="37" hits="1" branch="False" />
                <line number="38" hits="1" branch="False" />
                <line number="40" hits="3" branch="False" />
                <line number="42" hits="3" branch="True" condition-coverage="100% (2/2)">
                  <conditions>
                    <condition number="35" type="jump" coverage="100%" />
                  </conditions>
                </line>
                <line number="43" hits="1" branch="False" />
                <line number="44" hits="1" branch="False" />
                <line number="45" hits="1" branch="False" />
                <line number="47" hits="3" branch="True" condition-coverage="100% (2/2)">
                  <conditions>
                    <condition number="54" type="jump" coverage="100%" />
                  </conditions>
                </line>
                <line number="48" hits="1" branch="False" />
                <line number="49" hits="1" branch="False" />
                <line number="50" hits="1" branch="False" />
                <line number="51" hits="3" branch="False" />
              </lines>
            </method>
            <method name="clientGetsWholeOrderDiscount" signature="()" line-rate="1" branch-rate="1" complexity="2">
              <lines>
                <line number="54" hits="6" branch="False" />
                <line number="56" hits="6" branch="True" condition-coverage="100% (2/2)">
                  <conditions>
                    <condition number="44" type="jump" coverage="100%" />
                  </conditions>
                </line>
                <line number="57" hits="4" branch="False" />
                <line number="58" hits="4" branch="False" />
                <line number="61" hits="2" branch="False" />
                <line number="62" hits="6" branch="False" />
              </lines>
            </method>
            <method name="applyGlobalDiscount" signature="()" line-rate="1" branch-rate="1" complexity="1">
              <lines>
                <line number="65" hits="4" branch="False" />
                <line number="67" hits="4" branch="False" />
                <line number="70" hits="4" branch="False" />
                <line number="73" hits="4" branch="False" />
              </lines>
            </method>
            <method name="freeSwitches" signature="()" line-rate="1" branch-rate="1" complexity="10">
              <lines>
                <line number="76" hits="5" branch="False" />
                <line number="77" hits="5" branch="False" />
                <line number="79" hits="5" branch="False" />
                <line number="81" hits="5" branch="False" />
                <line number="83" hits="27" branch="True" condition-coverage="100% (2/2)">
                  <conditions>
                    <condition number="161" type="jump" coverage="100%" />
                  </conditions>
                </line>
                <line number="84" hits="6" branch="False" />
                <line number="86" hits="6" branch="True" condition-coverage="100% (2/2)">
                  <conditions>
                    <condition number="65" type="jump" coverage="100%" />
                  </conditions>
                </line>
                <line number="87" hits="4" branch="False" />
                <line number="89" hits="88" branch="True" condition-coverage="100% (2/2)">
                  <conditions>
                    <condition number="150" type="jump" coverage="100%" />
                  </conditions>
                </line>
                <line number="90" hits="40" branch="False" />
                <line number="91" hits="40" branch="True" condition-coverage="100% (4/4)">
                  <conditions>
                    <condition number="78" type="jump" coverage="100%" />
                    <condition number="92" type="jump" coverage="100%" />
                  </conditions>
                </line>
                <line number="92" hits="6" branch="False" />
                <line number="93" hits="6" branch="False" />
                <line number="94" hits="6" branch="False" />
                <line number="95" hits="6" branch="False" />
                <line number="96" hits="6" branch="False" />
                <line number="97" hits="40" branch="False" />
                <line number="99" hits="4" branch="False" />
                <line number="101" hits="6" branch="False" />
                <line number="105" hits="5" branch="False" />
              </lines>
            </method>
            <method name="cangetDiscountForTools" signature="()" line-rate="1" branch-rate="1" complexity="6">
              <lines>
                <line number="110" hits="10" branch="False" />
                <line number="111" hits="10" branch="False" />
                <line number="113" hits="56" branch="True" condition-coverage="100% (2/2)">
                  <conditions>
                    <condition number="70" type="jump" coverage="100%" />
                  </conditions>
                </line>
                <line number="114" hits="13" branch="False" />
                <line number="116" hits="13" branch="True" condition-coverage="100% (2/2)">
                  <conditions>
                    <condition number="48" type="jump" coverage="100%" />
                  </conditions>
                </line>
                <line number="117" hits="7" branch="False" />
                <line number="118" hits="14" branch="False" />
                <line number="119" hits="7" branch="False" />
                <line number="121" hits="13" branch="False" />
                <line number="123" hits="10" branch="True" condition-coverage="100% (2/2)">
                  <conditions>
                    <condition number="97" type="jump" coverage="100%" />
                  </conditions>
                </line>
                <line number="124" hits="6" branch="False" />
                <line number="125" hits="6" branch="False" />
                <line number="129" hits="4" branch="False" />
                <line number="132" hits="10" branch="False" />
              </lines>
            </method>
            <method name="compareIemsByUnitPrice" signature="(Domain.Orders.Item,Domain.Orders.Item)" line-rate="1" branch-rate="1" complexity="1">
              <lines>
                <line number="135" hits="9" branch="False" />
                <line number="137" hits="9" branch="False" />
                <line number="141" hits="9" branch="False" />
              </lines>
            </method>
            <method name="cheapestToolItemIndex" signature="()" line-rate="0.9047" branch-rate="0.875" complexity="8">
              <lines>
                <line number="144" hits="12" branch="False" />
                <line number="146" hits="12" branch="False" />
                <line number="148" hits="78" branch="True" condition-coverage="100% (2/2)">
                  <conditions>
                    <condition number="77" type="jump" coverage="100%" />
                  </conditions>
                </line>
                <line number="149" hits="21" branch="False" />
                <line number="151" hits="21" branch="True" condition-coverage="100% (2/2)">
                  <conditions>
                    <condition number="56" type="jump" coverage="100%" />
                  </conditions>
                </line>
                <line number="152" hits="21" branch="False" />
                <line number="153" hits="21" branch="False" />
                <line number="154" hits="21" branch="False" />
                <line number="156" hits="21" branch="False" />
                <line number="157" hits="12" branch="False" />
                <line number="159" hits="12" branch="False" />
                <line number="161" hits="12" branch="False" />
                <line number="163" hits="48" branch="True" condition-coverage="100% (2/2)">
                  <conditions>
                    <condition number="192" type="jump" coverage="100%" />
                  </conditions>
                </line>
                <line number="164" hits="12" branch="False" />
                <line number="166" hits="12" branch="True" condition-coverage="50% (1/2)">
                  <conditions>
                    <condition number="175" type="jump" coverage="50%" />
                  </conditions>
                </line>
                <line number="167" hits="12" branch="False" />
                <line number="168" hits="12" branch="False" />
                <line number="171" hits="0" branch="False" />
                <line number="172" hits="0" branch="False" />
                <line number="174" hits="12" branch="False" />
                <line number="176" hits="12" branch="False" />
              </lines>
            </method>
            <method name="calculateToolPercent" signature="()" line-rate="1" branch-rate="1" complexity="1">
              <lines>
                <line number="179" hits="4" branch="False" />
                <line number="181" hits="4" branch="False" />
                <line number="183" hits="4" branch="False" />
                <line number="187" hits="4" branch="False" />
                <line number="189" hits="4" branch="False" />
                <line number="197" hits="4" branch="False" />
              </lines>
            </method>
            <method name=".ctor" signature="(Domain.Orders.Order)" line-rate="1" branch-rate="1" complexity="1">
              <lines>
                <line number="26" hits="17" branch="False" />
                <line number="27" hits="17" branch="False" />
                <line number="28" hits="17" branch="False" />
                <line number="29" hits="17" branch="False" />
                <line number="30" hits="17" branch="False" />
              </lines>
            </method>
          </methods>
          <lines>
            <line number="25" hits="17" branch="False" />
            <line number="34" hits="3" branch="False" />
            <line number="35" hits="3" branch="True" condition-coverage="100% (2/2)">
              <conditions>
                <condition number="9" type="jump" coverage="100%" />
              </conditions>
            </line>
            <line number="36" hits="1" branch="False" />
            <line number="37" hits="1" branch="False" />
            <line number="38" hits="1" branch="False" />
            <line number="40" hits="3" branch="False" />
            <line number="42" hits="3" branch="True" condition-coverage="100% (2/2)">
              <conditions>
                <condition number="35" type="jump" coverage="100%" />
              </conditions>
            </line>
            <line number="43" hits="1" branch="False" />
            <line number="44" hits="1" branch="False" />
            <line number="45" hits="1" branch="False" />
            <line number="47" hits="3" branch="True" condition-coverage="100% (2/2)">
              <conditions>
                <condition number="54" type="jump" coverage="100%" />
              </conditions>
            </line>
            <line number="48" hits="1" branch="False" />
            <line number="49" hits="1" branch="False" />
            <line number="50" hits="1" branch="False" />
            <line number="51" hits="3" branch="False" />
            <line number="54" hits="6" branch="False" />
            <line number="56" hits="6" branch="True" condition-coverage="100% (2/2)">
              <conditions>
                <condition number="44" type="jump" coverage="100%" />
              </conditions>
            </line>
            <line number="57" hits="4" branch="False" />
            <line number="58" hits="4" branch="False" />
            <line number="61" hits="2" branch="False" />
            <line number="62" hits="6" branch="False" />
            <line number="65" hits="4" branch="False" />
            <line number="67" hits="4" branch="False" />
            <line number="70" hits="4" branch="False" />
            <line number="73" hits="4" branch="False" />
            <line number="76" hits="5" branch="False" />
            <line number="77" hits="5" branch="False" />
            <line number="79" hits="5" branch="False" />
            <line number="81" hits="5" branch="False" />
            <line number="83" hits="27" branch="True" condition-coverage="100% (2/2)">
              <conditions>
                <condition number="161" type="jump" coverage="100%" />
              </conditions>
            </line>
            <line number="84" hits="6" branch="False" />
            <line number="86" hits="6" branch="True" condition-coverage="100% (2/2)">
              <conditions>
                <condition number="65" type="jump" coverage="100%" />
              </conditions>
            </line>
            <line number="87" hits="4" branch="False" />
            <line number="89" hits="88" branch="True" condition-coverage="100% (2/2)">
              <conditions>
                <condition number="150" type="jump" coverage="100%" />
              </conditions>
            </line>
            <line number="90" hits="40" branch="False" />
            <line number="91" hits="40" branch="True" condition-coverage="100% (4/4)">
              <conditions>
                <condition number="78" type="jump" coverage="100%" />
                <condition number="92" type="jump" coverage="100%" />
              </conditions>
            </line>
            <line number="92" hits="6" branch="False" />
            <line number="93" hits="6" branch="False" />
            <line number="94" hits="6" branch="False" />
            <line number="95" hits="6" branch="False" />
            <line number="96" hits="6" branch="False" />
            <line number="97" hits="40" branch="False" />
            <line number="99" hits="4" branch="False" />
            <line number="101" hits="6" branch="False" />
            <line number="105" hits="5" branch="False" />
            <line number="110" hits="10" branch="False" />
            <line number="111" hits="10" branch="False" />
            <line number="113" hits="56" branch="True" condition-coverage="100% (2/2)">
              <conditions>
                <condition number="70" type="jump" coverage="100%" />
              </conditions>
            </line>
            <line number="114" hits="13" branch="False" />
            <line number="116" hits="13" branch="True" condition-coverage="100% (2/2)">
              <conditions>
                <condition number="48" type="jump" coverage="100%" />
              </conditions>
            </line>
            <line number="117" hits="7" branch="False" />
            <line number="118" hits="14" branch="False" />
            <line number="119" hits="7" branch="False" />
            <line number="121" hits="13" branch="False" />
            <line number="123" hits="10" branch="True" condition-coverage="100% (2/2)">
              <conditions>
                <condition number="97" type="jump" coverage="100%" />
              </conditions>
            </line>
            <line number="124" hits="6" branch="False" />
            <line number="125" hits="6" branch="False" />
            <line number="129" hits="4" branch="False" />
            <line number="132" hits="10" branch="False" />
            <line number="135" hits="9" branch="False" />
            <line number="137" hits="9" branch="False" />
            <line number="141" hits="9" branch="False" />
            <line number="144" hits="12" branch="False" />
            <line number="146" hits="12" branch="False" />
            <line number="148" hits="78" branch="True" condition-coverage="100% (2/2)">
              <conditions>
                <condition number="77" type="jump" coverage="100%" />
              </conditions>
            </line>
            <line number="149" hits="21" branch="False" />
            <line number="151" hits="21" branch="True" condition-coverage="100% (2/2)">
              <conditions>
                <condition number="56" type="jump" coverage="100%" />
              </conditions>
            </line>
            <line number="152" hits="21" branch="False" />
            <line number="153" hits="21" branch="False" />
            <line number="154" hits="21" branch="False" />
            <line number="156" hits="21" branch="False" />
            <line number="157" hits="12" branch="False" />
            <line number="159" hits="12" branch="False" />
            <line number="161" hits="12" branch="False" />
            <line number="163" hits="48" branch="True" condition-coverage="100% (2/2)">
              <conditions>
                <condition number="192" type="jump" coverage="100%" />
              </conditions>
            </line>
            <line number="164" hits="12" branch="False" />
            <line number="166" hits="12" branch="True" condition-coverage="50% (1/2)">
              <conditions>
                <condition number="175" type="jump" coverage="50%" />
              </conditions>
            </line>
            <line number="167" hits="12" branch="False" />
            <line number="168" hits="12" branch="False" />
            <line number="171" hits="0" branch="False" />
            <line number="172" hits="0" branch="False" />
            <line number="174" hits="12" branch="False" />
            <line number="176" hits="12" branch="False" />
            <line number="179" hits="4" branch="False" />
            <line number="181" hits="4" branch="False" />
            <line number="183" hits="4" branch="False" />
            <line number="187" hits="4" branch="False" />
            <line number="189" hits="4" branch="False" />
            <line number="197" hits="4" branch="False" />
            <line number="26" hits="17" branch="False" />
            <line number="27" hits="17" branch="False" />
            <line number="28" hits="17" branch="False" />
            <line number="29" hits="17" branch="False" />
            <line number="30" hits="17" branch="False" />
          </lines>
        </class>
      </classes>
    </package>
    <package name="Domain" line-rate="0.9309999999999999" branch-rate="1" complexity="42">
      <classes>
        <class name="Domain.ProductsDto.ProductDto" filename="Domain/ProductsDto/ProductDto.cs" line-rate="1" branch-rate="1" complexity="4">
          <methods>
            <method name="get_id" signature="()" line-rate="1" branch-rate="1" complexity="1">
              <lines>
                <line number="5" hits="362" branch="False" />
              </lines>
            </method>
            <method name="get_description" signature="()" line-rate="1" branch-rate="1" complexity="1">
              <lines>
                <line number="6" hits="362" branch="False" />
              </lines>
            </method>
            <method name="get_category" signature="()" line-rate="1" branch-rate="1" complexity="1">
              <lines>
                <line number="7" hits="362" branch="False" />
              </lines>
            </method>
            <method name="get_price" signature="()" line-rate="1" branch-rate="1" complexity="1">
              <lines>
                <line number="8" hits="362" branch="False" />
              </lines>
            </method>
          </methods>
          <lines>
            <line number="5" hits="362" branch="False" />
            <line number="6" hits="362" branch="False" />
            <line number="7" hits="362" branch="False" />
            <line number="8" hits="362" branch="False" />
          </lines>
        </class>
        <class name="Domain.Products.Product" filename="Domain/Products/Product.cs" line-rate="1" branch-rate="1" complexity="6">
          <methods>
            <method name="get_id" signature="()" line-rate="1" branch-rate="1" complexity="1">
              <lines>
                <line number="10" hits="424" branch="False" />
              </lines>
            </method>
            <method name="get_description" signature="()" line-rate="1" branch-rate="1" complexity="1">
              <lines>
                <line number="11" hits="191" branch="False" />
              </lines>
            </method>
            <method name="get_category" signature="()" line-rate="1" branch-rate="1" complexity="1">
              <lines>
                <line number="12" hits="231" branch="False" />
              </lines>
            </method>
            <method name="get_price" signature="()" line-rate="1" branch-rate="1" complexity="1">
              <lines>
                <line number="13" hits="191" branch="False" />
              </lines>
            </method>
            <method name=".ctor" signature="(Domain.ProductsDto.ProductDto)" line-rate="1" branch-rate="1" complexity="1">
              <lines>
                <line number="17" hits="180" branch="False" />
                <line number="18" hits="180" branch="False" />
                <line number="19" hits="180" branch="False" />
                <line number="20" hits="180" branch="False" />
                <line number="21" hits="180" branch="False" />
                <line number="22" hits="180" branch="False" />
                <line number="23" hits="180" branch="False" />
              </lines>
            </method>
            <method name=".ctor" signature="()" line-rate="1" branch-rate="1" complexity="1">
              <lines>
                <line number="25" hits="8" branch="False" />
                <line number="26" hits="8" branch="False" />
                <line number="27" hits="8" branch="False" />
              </lines>
            </method>
          </methods>
          <lines>
            <line number="10" hits="424" branch="False" />
            <line number="11" hits="191" branch="False" />
            <line number="12" hits="231" branch="False" />
            <line number="13" hits="191" branch="False" />
            <line number="17" hits="180" branch="False" />
            <line number="18" hits="180" branch="False" />
            <line number="19" hits="180" branch="False" />
            <line number="20" hits="180" branch="False" />
            <line number="21" hits="180" branch="False" />
            <line number="22" hits="180" branch="False" />
            <line number="23" hits="180" branch="False" />
            <line number="25" hits="8" branch="False" />
            <line number="26" hits="8" branch="False" />
            <line number="27" hits="8" branch="False" />
          </lines>
        </class>
        <class name="Domain.OrdersDto.OrderDto" filename="Domain/OrdersDto/OrderDto.cs" line-rate="1" branch-rate="1" complexity="4">
          <methods>
            <method name="get_id" signature="()" line-rate="1" branch-rate="1" complexity="1">
              <lines>
                <line number="9" hits="78" branch="False" />
              </lines>
            </method>
            <method name="get_customerId" signature="()" line-rate="1" branch-rate="1" complexity="1">
              <lines>
                <line number="12" hits="190" branch="False" />
              </lines>
            </method>
            <method name="get_items" signature="()" line-rate="1" branch-rate="1" complexity="1">
              <lines>
                <line number="13" hits="115" branch="False" />
              </lines>
            </method>
            <method name="get_total" signature="()" line-rate="1" branch-rate="1" complexity="1">
              <lines>
                <line number="14" hits="78" branch="False" />
              </lines>
            </method>
          </methods>
          <lines>
            <line number="9" hits="78" branch="False" />
            <line number="12" hits="190" branch="False" />
            <line number="13" hits="115" branch="False" />
            <line number="14" hits="78" branch="False" />
          </lines>
        </class>
        <class name="Domain.OrdersDto.ItemDto" filename="Domain/OrdersDto/OrderLineDto.cs" line-rate="1" branch-rate="1" complexity="4">
          <methods>
            <method name="get_productId" signature="()" line-rate="1" branch-rate="1" complexity="1">
              <lines>
                <line number="8" hits="283" branch="False" />
              </lines>
            </method>
            <method name="get_quantity" signature="()" line-rate="1" branch-rate="1" complexity="1">
              <lines>
                <line number="9" hits="99" branch="False" />
              </lines>
            </method>
            <method name="get_unitPrice" signature="()" line-rate="1" branch-rate="1" complexity="1">
              <lines>
                <line number="12" hits="99" branch="False" />
              </lines>
            </method>
            <method name="get_total" signature="()" line-rate="1" branch-rate="1" complexity="1">
              <lines>
                <line number="13" hits="99" branch="False" />
              </lines>
            </method>
          </methods>
          <lines>
            <line number="8" hits="283" branch="False" />
            <line number="9" hits="99" branch="False" />
            <line number="12" hits="99" branch="False" />
            <line number="13" hits="99" branch="False" />
          </lines>
        </class>
        <class name="Domain.Orders.Order" filename="Domain/Orders/Order.cs" line-rate="1" branch-rate="1" complexity="4">
          <methods>
            <method name="get_id" signature="()" line-rate="1" branch-rate="1" complexity="1">
              <lines>
                <line number="13" hits="58" branch="False" />
              </lines>
            </method>
            <method name="get_client" signature="()" line-rate="1" branch-rate="1" complexity="1">
              <lines>
                <line number="14" hits="66" branch="False" />
              </lines>
            </method>
            <method name="get_items" signature="()" line-rate="1" branch-rate="1" complexity="1">
              <lines>
                <line number="15" hits="115" branch="False" />
              </lines>
            </method>
            <method name="get_total" signature="()" line-rate="1" branch-rate="1" complexity="1">
              <lines>
                <line number="16" hits="104" branch="False" />
              </lines>
            </method>
          </methods>
          <lines>
            <line number="13" hits="58" branch="False" />
            <line number="14" hits="66" branch="False" />
            <line number="15" hits="115" branch="False" />
            <line number="16" hits="104" branch="False" />
          </lines>
        </class>
        <class name="Domain.Orders.Item" filename="Domain/Orders/OrderLine.cs" line-rate="1" branch-rate="1" complexity="5">
          <methods>
            <method name="get_product" signature="()" line-rate="1" branch-rate="1" complexity="1">
              <lines>
                <line number="12" hits="116" branch="False" />
              </lines>
            </method>
            <method name="get_quantity" signature="()" line-rate="1" branch-rate="1" complexity="1">
              <lines>
                <line number="13" hits="119" branch="False" />
              </lines>
            </method>
            <method name="get_unitPrice" signature="()" line-rate="1" branch-rate="1" complexity="1">
              <lines>
                <line number="15" hits="74" branch="False" />
              </lines>
            </method>
            <method name="get_total" signature="()" line-rate="1" branch-rate="1" complexity="1">
              <lines>
                <line number="16" hits="60" branch="False" />
              </lines>
            </method>
            <method name=".ctor" signature="()" line-rate="1" branch-rate="1" complexity="1">
              <lines>
                <line number="19" hits="51" branch="False" />
                <line number="20" hits="51" branch="False" />
                <line number="21" hits="51" branch="False" />
              </lines>
            </method>
          </methods>
          <lines>
            <line number="12" hits="116" branch="False" />
            <line number="13" hits="119" branch="False" />
            <line number="15" hits="74" branch="False" />
            <line number="16" hits="60" branch="False" />
            <line number="19" hits="51" branch="False" />
            <line number="20" hits="51" branch="False" />
            <line number="21" hits="51" branch="False" />
          </lines>
        </class>
        <class name="Domain.Discounts.DiscountLog" filename="Domain/Discounts/DiscountLog.cs" line-rate="0.5" branch-rate="1" complexity="2">
          <methods>
            <method name="get_order" signature="()" line-rate="1" branch-rate="1" complexity="1">
              <lines>
                <line number="8" hits="17" branch="False" />
              </lines>
            </method>
            <method name="get_DiscountLogItems" signature="()" line-rate="0" branch-rate="1" complexity="1">
              <lines>
                <line number="10" hits="0" branch="False" />
              </lines>
            </method>
          </methods>
          <lines>
            <line number="8" hits="17" branch="False" />
            <line number="10" hits="0" branch="False" />
          </lines>
        </class>
        <class name="Domain.Discounts.DiscountLogItem" filename="Domain/Discounts/DiscountLogItem.cs" line-rate="0" branch-rate="1" complexity="3">
          <methods>
            <method name="get_discountId" signature="()" line-rate="0" branch-rate="1" complexity="1">
              <lines>
                <line number="7" hits="0" branch="False" />
              </lines>
            </method>
            <method name="get_item" signature="()" line-rate="0" branch-rate="1" complexity="1">
              <lines>
                <line number="9" hits="0" branch="False" />
              </lines>
            </method>
            <method name="get_calculationLogMessage" signature="()" line-rate="0" branch-rate="1" complexity="1">
              <lines>
                <line number="11" hits="0" branch="False" />
              </lines>
            </method>
          </methods>
          <lines>
            <line number="7" hits="0" branch="False" />
            <line number="9" hits="0" branch="False" />
            <line number="11" hits="0" branch="False" />
          </lines>
        </class>
        <class name="Domain.ClientsDto.ClientDto" filename="Domain/ClientsDto/ClientDto.cs" line-rate="1" branch-rate="1" complexity="4">
          <methods>
            <method name="get_id" signature="()" line-rate="1" branch-rate="1" complexity="1">
              <lines>
                <line number="10" hits="220" branch="False" />
              </lines>
            </method>
            <method name="get_name" signature="()" line-rate="1" branch-rate="1" complexity="1">
              <lines>
                <line number="11" hits="220" branch="False" />
              </lines>
            </method>
            <method name="get_since" signature="()" line-rate="1" branch-rate="1" complexity="1">
              <lines>
                <line number="12" hits="220" branch="False" />
              </lines>
            </method>
            <method name="get_revenue" signature="()" line-rate="1" branch-rate="1" complexity="1">
              <lines>
                <line number="13" hits="220" branch="False" />
              </lines>
            </method>
          </methods>
          <lines>
            <line number="10" hits="220" branch="False" />
            <line number="11" hits="220" branch="False" />
            <line number="12" hits="220" branch="False" />
            <line number="13" hits="220" branch="False" />
          </lines>
        </class>
        <class name="Domain.Clients.Client" filename="Domain/Clients/Client.cs" line-rate="1" branch-rate="1" complexity="6">
          <methods>
            <method name="get_id" signature="()" line-rate="1" branch-rate="1" complexity="1">
              <lines>
                <line number="9" hits="288" branch="False" />
              </lines>
            </method>
            <method name="get_name" signature="()" line-rate="1" branch-rate="1" complexity="1">
              <lines>
                <line number="10" hits="137" branch="False" />
              </lines>
            </method>
            <method name="get_since" signature="()" line-rate="1" branch-rate="1" complexity="1">
              <lines>
                <line number="11" hits="137" branch="False" />
              </lines>
            </method>
            <method name="get_revenue" signature="()" line-rate="1" branch-rate="1" complexity="1">
              <lines>
                <line number="12" hits="143" branch="False" />
              </lines>
            </method>
            <method name=".ctor" signature="(Domain.ClientsDto.ClientDto)" line-rate="1" branch-rate="1" complexity="1">
              <lines>
                <line number="15" hits="109" branch="False" />
                <line number="16" hits="109" branch="False" />
                <line number="17" hits="109" branch="False" />
                <line number="18" hits="109" branch="False" />
                <line number="19" hits="109" branch="False" />
                <line number="20" hits="109" branch="False" />
                <line number="21" hits="109" branch="False" />
              </lines>
            </method>
            <method name=".ctor" signature="()" line-rate="1" branch-rate="1" complexity="1">
              <lines>
                <line number="23" hits="21" branch="False" />
              </lines>
            </method>
          </methods>
          <lines>
            <line number="9" hits="288" branch="False" />
            <line number="10" hits="137" branch="False" />
            <line number="11" hits="137" branch="False" />
            <line number="12" hits="143" branch="False" />
            <line number="15" hits="109" branch="False" />
            <line number="16" hits="109" branch="False" />
            <line number="17" hits="109" branch="False" />
            <line number="18" hits="109" branch="False" />
            <line number="19" hits="109" branch="False" />
            <line number="20" hits="109" branch="False" />
            <line number="21" hits="109" branch="False" />
            <line number="23" hits="21" branch="False" />
          </lines>
        </class>
      </classes>
    </package>
    <package name="DAL" line-rate="0.9411" branch-rate="0.9" complexity="21">
      <classes>
        <class name="DAL.DataMapper" filename="DAL/DataMapper.cs" line-rate="0.8887999999999999" branch-rate="0.875" complexity="16">
          <methods>
            <method name="convertOrderDtoToOrder" signature="(Domain.OrdersDto.OrderDto,System.Collections.Generic.List`1&lt;Domain.Clients.Client&gt;,System.Collections.Generic.List`1&lt;Domain.Products.Product&gt;)" line-rate="0.8823000000000001" branch-rate="0.875" complexity="8">
              <lines>
                <line number="16" hits="40" branch="False" />
                <line number="17" hits="40" branch="False" />
                <line number="19" hits="340" branch="True" condition-coverage="100% (2/2)">
                  <conditions>
                    <condition number="52" type="jump" coverage="100%" />
                  </conditions>
                </line>
                <line number="20" hits="110" branch="False" />
                <line number="22" hits="110" branch="True" condition-coverage="100% (2/2)">
                  <conditions>
                    <condition number="38" type="jump" coverage="100%" />
                  </conditions>
                </line>
                <line number="23" hits="39" branch="False" />
                <line number="24" hits="39" branch="False" />
                <line number="26" hits="39" branch="False" />
                <line number="28" hits="110" branch="False" />
                <line number="30" hits="40" branch="True" condition-coverage="100% (2/2)">
                  <conditions>
                    <condition number="79" type="jump" coverage="100%" />
                  </conditions>
                </line>
                <line number="31" hits="1" branch="False" />
                <line number="32" hits="1" branch="False" />
                <line number="35" hits="39" branch="True" condition-coverage="50% (1/2)">
                  <conditions>
                    <condition number="114" type="jump" coverage="50%" />
                  </conditions>
                </line>
                <line number="36" hits="0" branch="False" />
                <line number="37" hits="0" branch="False" />
                <line number="40" hits="39" branch="False" />
                <line number="42" hits="39" branch="False" />
              </lines>
            </method>
            <method name="convertItemDtosToItems" signature="(Domain.OrdersDto.OrderDto,System.Collections.Generic.List`1&lt;Domain.Products.Product&gt;)" line-rate="0.8946999999999999" branch-rate="0.875" complexity="8">
              <lines>
                <line number="45" hits="39" branch="False" />
                <line number="46" hits="39" branch="False" />
                <line number="48" hits="215" branch="True" condition-coverage="100% (2/2)">
                  <conditions>
                    <condition number="195" type="jump" coverage="100%" />
                  </conditions>
                </line>
                <line number="49" hits="49" branch="False" />
                <line number="51" hits="611" branch="True" condition-coverage="100% (2/2)">
                  <conditions>
                    <condition number="168" type="jump" coverage="100%" />
                  </conditions>
                </line>
                <line number="52" hits="232" branch="False" />
                <line number="53" hits="232" branch="True" condition-coverage="100% (2/2)">
                  <conditions>
                    <condition number="76" type="jump" coverage="100%" />
                  </conditions>
                </line>
                <line number="54" hits="49" branch="False" />
                <line number="55" hits="49" branch="False" />
                <line number="56" hits="49" branch="False" />
                <line number="57" hits="49" branch="False" />
                <line number="58" hits="49" branch="False" />
                <line number="62" hits="232" branch="False" />
                <line number="64" hits="49" branch="False" />
                <line number="66" hits="39" branch="True" condition-coverage="50% (1/2)">
                  <conditions>
                    <condition number="230" type="jump" coverage="50%" />
                  </conditions>
                </line>
                <line number="67" hits="0" branch="False" />
                <line number="68" hits="0" branch="False" />
                <line number="71" hits="39" branch="False" />
                <line number="72" hits="39" branch="False" />
              </lines>
            </method>
          </methods>
          <lines>
            <line number="16" hits="40" branch="False" />
            <line number="17" hits="40" branch="False" />
            <line number="19" hits="340" branch="True" condition-coverage="100% (2/2)">
              <conditions>
                <condition number="52" type="jump" coverage="100%" />
              </conditions>
            </line>
            <line number="20" hits="110" branch="False" />
            <line number="22" hits="110" branch="True" condition-coverage="100% (2/2)">
              <conditions>
                <condition number="38" type="jump" coverage="100%" />
              </conditions>
            </line>
            <line number="23" hits="39" branch="False" />
            <line number="24" hits="39" branch="False" />
            <line number="26" hits="39" branch="False" />
            <line number="28" hits="110" branch="False" />
            <line number="30" hits="40" branch="True" condition-coverage="100% (2/2)">
              <conditions>
                <condition number="79" type="jump" coverage="100%" />
              </conditions>
            </line>
            <line number="31" hits="1" branch="False" />
            <line number="32" hits="1" branch="False" />
            <line number="35" hits="39" branch="True" condition-coverage="50% (1/2)">
              <conditions>
                <condition number="114" type="jump" coverage="50%" />
              </conditions>
            </line>
            <line number="36" hits="0" branch="False" />
            <line number="37" hits="0" branch="False" />
            <line number="40" hits="39" branch="False" />
            <line number="42" hits="39" branch="False" />
            <line number="45" hits="39" branch="False" />
            <line number="46" hits="39" branch="False" />
            <line number="48" hits="215" branch="True" condition-coverage="100% (2/2)">
              <conditions>
                <condition number="195" type="jump" coverage="100%" />
              </conditions>
            </line>
            <line number="49" hits="49" branch="False" />
            <line number="51" hits="611" branch="True" condition-coverage="100% (2/2)">
              <conditions>
                <condition number="168" type="jump" coverage="100%" />
              </conditions>
            </line>
            <line number="52" hits="232" branch="False" />
            <line number="53" hits="232" branch="True" condition-coverage="100% (2/2)">
              <conditions>
                <condition number="76" type="jump" coverage="100%" />
              </conditions>
            </line>
            <line number="54" hits="49" branch="False" />
            <line number="55" hits="49" branch="False" />
            <line number="56" hits="49" branch="False" />
            <line number="57" hits="49" branch="False" />
            <line number="58" hits="49" branch="False" />
            <line number="62" hits="232" branch="False" />
            <line number="64" hits="49" branch="False" />
            <line number="66" hits="39" branch="True" condition-coverage="50% (1/2)">
              <conditions>
                <condition number="230" type="jump" coverage="50%" />
              </conditions>
            </line>
            <line number="67" hits="0" branch="False" />
            <line number="68" hits="0" branch="False" />
            <line number="71" hits="39" branch="False" />
            <line number="72" hits="39" branch="False" />
          </lines>
        </class>
        <class name="DAL.JsonFileToObject" filename="DAL/JsonFileToObject.cs" line-rate="1" branch-rate="1" complexity="5">
          <methods>
            <method name="convertJsonToOrder" signature="(System.String,DAL.DataMapper)" line-rate="1" branch-rate="1" complexity="1">
              <lines>
                <line number="25" hits="35" branch="False" />
                <line number="26" hits="35" branch="False" />
                <line number="27" hits="35" branch="False" />
                <line number="28" hits="35" branch="False" />
                <line number="29" hits="35" branch="False" />
                <line number="33" hits="35" branch="False" />
                <line number="35" hits="35" branch="False" />
                <line number="39" hits="35" branch="False" />
              </lines>
            </method>
            <method name="convertJsonToClients" signature="()" line-rate="1" branch-rate="1" complexity="2">
              <lines>
                <line number="44" hits="36" branch="False" />
                <line number="47" hits="36" branch="False" />
                <line number="48" hits="36" branch="False" />
                <line number="49" hits="36" branch="False" />
                <line number="50" hits="36" branch="False" />
                <line number="53" hits="36" branch="False" />
                <line number="55" hits="324" branch="True" condition-coverage="100% (2/2)">
                  <conditions>
                    <condition number="76" type="jump" coverage="100%" />
                  </conditions>
                </line>
                <line number="56" hits="108" branch="False" />
                <line number="57" hits="108" branch="False" />
                <line number="58" hits="108" branch="False" />
                <line number="60" hits="36" branch="False" />
                <line number="63" hits="36" branch="False" />
              </lines>
            </method>
            <method name="convertJsonToProducts" signature="()" line-rate="1" branch-rate="1" complexity="2">
              <lines>
                <line number="66" hits="36" branch="False" />
                <line number="68" hits="36" branch="False" />
                <line number="69" hits="36" branch="False" />
                <line number="70" hits="36" branch="False" />
                <line number="71" hits="36" branch="False" />
                <line number="73" hits="36" branch="False" />
                <line number="75" hits="468" branch="True" condition-coverage="100% (2/2)">
                  <conditions>
                    <condition number="76" type="jump" coverage="100%" />
                  </conditions>
                </line>
                <line number="76" hits="180" branch="False" />
                <line number="78" hits="180" branch="False" />
                <line number="80" hits="180" branch="False" />
                <line number="82" hits="36" branch="False" />
                <line number="85" hits="36" branch="False" />
              </lines>
            </method>
          </methods>
          <lines>
            <line number="25" hits="35" branch="False" />
            <line number="26" hits="35" branch="False" />
            <line number="27" hits="35" branch="False" />
            <line number="28" hits="35" branch="False" />
            <line number="29" hits="35" branch="False" />
            <line number="33" hits="35" branch="False" />
            <line number="35" hits="35" branch="False" />
            <line number="39" hits="35" branch="False" />
            <line number="44" hits="36" branch="False" />
            <line number="47" hits="36" branch="False" />
            <line number="48" hits="36" branch="False" />
            <line number="49" hits="36" branch="False" />
            <line number="50" hits="36" branch="False" />
            <line number="53" hits="36" branch="False" />
            <line number="55" hits="324" branch="True" condition-coverage="100% (2/2)">
              <conditions>
                <condition number="76" type="jump" coverage="100%" />
              </conditions>
            </line>
            <line number="56" hits="108" branch="False" />
            <line number="57" hits="108" branch="False" />
            <line number="58" hits="108" branch="False" />
            <line number="60" hits="36" branch="False" />
            <line number="63" hits="36" branch="False" />
            <line number="66" hits="36" branch="False" />
            <line number="68" hits="36" branch="False" />
            <line number="69" hits="36" branch="False" />
            <line number="70" hits="36" branch="False" />
            <line number="71" hits="36" branch="False" />
            <line number="73" hits="36" branch="False" />
            <line number="75" hits="468" branch="True" condition-coverage="100% (2/2)">
              <conditions>
                <condition number="76" type="jump" coverage="100%" />
              </conditions>
            </line>
            <line number="76" hits="180" branch="False" />
            <line number="78" hits="180" branch="False" />
            <line number="80" hits="180" branch="False" />
            <line number="82" hits="36" branch="False" />
            <line number="85" hits="36" branch="False" />
          </lines>
        </class>
      </classes>
    </package>
  </packages>
</coverage>